#
# There is insufficient memory for the Java Runtime Environment to continue.
# Native memory allocation (malloc) failed to allocate 297296 bytes for Chunk::new
# Possible reasons:
#   The system is out of physical RAM or swap space
#   In 32 bit mode, the process size limit was hit
# Possible solutions:
#   Reduce memory load on the system
#   Increase physical memory or swap space
#   Check if swap backing store is full
#   Use 64 bit Java on a 64 bit OS
#   Decrease Java heap size (-Xmx/-Xms)
#   Decrease number of Java threads
#   Decrease Java thread stack sizes (-Xss)
#   Set larger code cache with -XX:ReservedCodeCacheSize=
# This output file may be truncated or incomplete.
#
#  Out of Memory Error (allocation.cpp:323), pid=21048, tid=12104
#
# JRE version: Java(TM) SE Runtime Environment (7.0_80-b15) (build 1.7.0_80-b15)
# Java VM: Java HotSpot(TM) 64-Bit Server VM (24.80-b11 mixed mode windows-amd64 compressed oops)
# Failed to write core dump. Minidumps are not enabled by default on client versions of Windows
#

---------------  T H R E A D  ---------------

Current thread (0x000000000840b000):  JavaThread "C2 CompilerThread1" daemon [_thread_in_native, id=12104, stack(0x0000000009a60000,0x0000000009b60000)]

Stack: [0x0000000009a60000,0x0000000009b60000]

Current CompileTask:
C2:  18563  733   !         com.android.dx.cf.code.BytecodeArray::parseInstruction (2764 bytes)


---------------  P R O C E S S  ---------------

Java Threads: ( => current thread )
  0x0000000009f74000 JavaThread "pool-1-thread-4" [_thread_in_Java, id=21164, stack(0x000000000a560000,0x000000000a660000)]
  0x0000000009f73000 JavaThread "pool-1-thread-3" [_thread_in_Java, id=21392, stack(0x000000000a460000,0x000000000a560000)]
  0x0000000009f2f000 JavaThread "pool-1-thread-2" [_thread_blocked, id=16840, stack(0x000000000a360000,0x000000000a460000)]
  0x0000000009dd5800 JavaThread "pool-2-thread-1" [_thread_blocked, id=12036, stack(0x000000000a260000,0x000000000a360000)]
  0x0000000009ee6000 JavaThread "pool-1-thread-1" [_thread_blocked, id=15984, stack(0x000000000a160000,0x000000000a260000)]
  0x000000000840e000 JavaThread "Service Thread" daemon [_thread_blocked, id=16796, stack(0x0000000009b60000,0x0000000009c60000)]
=>0x000000000840b000 JavaThread "C2 CompilerThread1" daemon [_thread_in_native, id=12104, stack(0x0000000009a60000,0x0000000009b60000)]
  0x00000000083fe000 JavaThread "C2 CompilerThread0" daemon [_thread_blocked, id=20728, stack(0x0000000009960000,0x0000000009a60000)]
  0x00000000083fd000 JavaThread "Attach Listener" daemon [_thread_blocked, id=18780, stack(0x0000000009860000,0x0000000009960000)]
  0x00000000083fa000 JavaThread "Signal Dispatcher" daemon [_thread_blocked, id=15620, stack(0x0000000009760000,0x0000000009860000)]
  0x00000000083a8800 JavaThread "Finalizer" daemon [_thread_blocked, id=1788, stack(0x0000000009660000,0x0000000009760000)]
  0x00000000083a5000 JavaThread "Reference Handler" daemon [_thread_blocked, id=21032, stack(0x0000000009560000,0x0000000009660000)]
  0x0000000002450800 JavaThread "main" [_thread_in_Java, id=16064, stack(0x0000000002350000,0x0000000002450000)]

Other Threads:
  0x00000000083a0000 VMThread [stack: 0x0000000009460000,0x0000000009560000] [id=21272]
  0x000000000841c800 WatcherThread [stack: 0x0000000009c60000,0x0000000009d60000] [id=21016]

VM state:not at safepoint (normal execution)

VM Mutex/Monitor currently owned by a thread: None

Heap
 PSYoungGen      total 66048K, used 64999K [0x00000000eaa80000, 0x00000000f2280000, 0x0000000100000000)
  eden space 63488K, 98% used [0x00000000eaa80000,0x00000000ee77c830,0x00000000ee880000)
  from space 2560K, 99% used [0x00000000ee880000,0x00000000eeafd3e0,0x00000000eeb00000)
  to   space 17920K, 0% used [0x00000000f1100000,0x00000000f1100000,0x00000000f2280000)
 ParOldGen       total 73216K, used 40763K [0x00000000c0000000, 0x00000000c4780000, 0x00000000eaa80000)
  object space 73216K, 55% used [0x00000000c0000000,0x00000000c27ced80,0x00000000c4780000)
 PSPermGen       total 21504K, used 6124K [0x00000000bae00000, 0x00000000bc300000, 0x00000000c0000000)
  object space 21504K, 28% used [0x00000000bae00000,0x00000000bb3fb240,0x00000000bc300000)

Card table byte_map: [0x0000000005610000,0x0000000005840000] byte_map_base: 0x0000000005039000

Polling page: 0x00000000001f0000

Code Cache  [0x0000000002550000, 0x0000000002880000, 0x0000000005550000)
 total_blobs=941 nmethods=702 adapters=191 free_code_cache=46083Kb largest_free_block=47023296

Compilation events (10 events):
Event: 18.368 Thread 0x00000000083fe000 nmethod 731 0x0000000002682710 code [0x0000000002682860, 0x0000000002682998]
Event: 18.376 Thread 0x00000000083fe000  732             com.android.dx.rop.code.AccessFlags::isPrivate (12 bytes)
Event: 18.377 Thread 0x00000000083fe000 nmethod 732 0x0000000002694a90 code [0x0000000002694bc0, 0x0000000002694c18]
Event: 18.381 Thread 0x000000000840b000  733   !         com.android.dx.cf.code.BytecodeArray::parseInstruction (2764 bytes)
Event: 18.383 Thread 0x00000000083fe000  734             java.util.concurrent.locks.AbstractOwnableSynchronizer::setExclusiveOwnerThread (6 bytes)
Event: 18.383 Thread 0x00000000083fe000 nmethod 734 0x0000000002682510 code [0x0000000002682640, 0x0000000002682698]
Event: 18.447 Thread 0x00000000083fe000  735             com.android.dx.rop.cst.CstKnownNull::getType (4 bytes)
Event: 18.448 Thread 0x00000000083fe000 nmethod 735 0x00000000026928d0 code [0x0000000002692a00, 0x0000000002692a58]
Event: 18.480 Thread 0x00000000083fe000  736             com.android.dx.ssa.back.FirstFitLocalCombiningAllocator::getAlignment (32 bytes)
Event: 18.480 Thread 0x00000000083fe000 nmethod 736 0x00000000026926d0 code [0x0000000002692800, 0x0000000002692878]

GC Heap History (10 events):
Event: 12.222 GC heap before
{Heap before GC invocations=4 (full 0):
 PSYoungGen      total 34304K, used 34293K [0x00000000eaa80000, 0x00000000eed80000, 0x0000000100000000)
  eden space 31744K, 100% used [0x00000000eaa80000,0x00000000ec980000,0x00000000ec980000)
  from space 2560K, 99% used [0x00000000ec980000,0x00000000ecbfd4a8,0x00000000ecc00000)
  to   space 2560K, 0% used [0x00000000eeb00000,0x00000000eeb00000,0x00000000eed80000)
 ParOldGen       total 41984K, used 7604K [0x00000000c0000000, 0x00000000c2900000, 0x00000000eaa80000)
  object space 41984K, 18% used [0x00000000c0000000,0x00000000c076d080,0x00000000c2900000)
 PSPermGen       total 21504K, used 5984K [0x00000000bae00000, 0x00000000bc300000, 0x00000000c0000000)
  object space 21504K, 27% used [0x00000000bae00000,0x00000000bb3d8158,0x00000000bc300000)
Event: 12.320 GC heap after
Heap after GC invocations=4 (full 0):
 PSYoungGen      total 66048K, used 2532K [0x00000000eaa80000, 0x00000000eed80000, 0x0000000100000000)
  eden space 63488K, 0% used [0x00000000eaa80000,0x00000000eaa80000,0x00000000ee880000)
  from space 2560K, 98% used [0x00000000eeb00000,0x00000000eed791b8,0x00000000eed80000)
  to   space 2560K, 0% used [0x00000000ee880000,0x00000000ee880000,0x00000000eeb00000)
 ParOldGen       total 41984K, used 13405K [0x00000000c0000000, 0x00000000c2900000, 0x00000000eaa80000)
  object space 41984K, 31% used [0x00000000c0000000,0x00000000c0d17738,0x00000000c2900000)
 PSPermGen       total 21504K, used 5984K [0x00000000bae00000, 0x00000000bc300000, 0x00000000c0000000)
  object space 21504K, 27% used [0x00000000bae00000,0x00000000bb3d8158,0x00000000bc300000)
}
Event: 13.651 GC heap before
{Heap before GC invocations=5 (full 0):
 PSYoungGen      total 66048K, used 66020K [0x00000000eaa80000, 0x00000000eed80000, 0x0000000100000000)
  eden space 63488K, 100% used [0x00000000eaa80000,0x00000000ee880000,0x00000000ee880000)
  from space 2560K, 98% used [0x00000000eeb00000,0x00000000eed791b8,0x00000000eed80000)
  to   space 2560K, 0% used [0x00000000ee880000,0x00000000ee880000,0x00000000eeb00000)
 ParOldGen       total 41984K, used 13405K [0x00000000c0000000, 0x00000000c2900000, 0x00000000eaa80000)
  object space 41984K, 31% used [0x00000000c0000000,0x00000000c0d17738,0x00000000c2900000)
 PSPermGen       total 21504K, used 6015K [0x00000000bae00000, 0x00000000bc300000, 0x00000000c0000000)
  object space 21504K, 27% used [0x00000000bae00000,0x00000000bb3dfd68,0x00000000bc300000)
Event: 13.807 GC heap after
Heap after GC invocations=5 (full 0):
 PSYoungGen      total 66048K, used 2541K [0x00000000eaa80000, 0x00000000eed80000, 0x0000000100000000)
  eden space 63488K, 0% used [0x00000000eaa80000,0x00000000eaa80000,0x00000000ee880000)
  from space 2560K, 99% used [0x00000000ee880000,0x00000000eeafb460,0x00000000eeb00000)
  to   space 2560K, 0% used [0x00000000eeb00000,0x00000000eeb00000,0x00000000eed80000)
 ParOldGen       total 41984K, used 23519K [0x00000000c0000000, 0x00000000c2900000, 0x00000000eaa80000)
  object space 41984K, 56% used [0x00000000c0000000,0x00000000c16f7c08,0x00000000c2900000)
 PSPermGen       total 21504K, used 6015K [0x00000000bae00000, 0x00000000bc300000, 0x00000000c0000000)
  object space 21504K, 27% used [0x00000000bae00000,0x00000000bb3dfd68,0x00000000bc300000)
}
Event: 15.370 GC heap before
{Heap before GC invocations=6 (full 0):
 PSYoungGen      total 66048K, used 66029K [0x00000000eaa80000, 0x00000000eed80000, 0x0000000100000000)
  eden space 63488K, 100% used [0x00000000eaa80000,0x00000000ee880000,0x00000000ee880000)
  from space 2560K, 99% used [0x00000000ee880000,0x00000000eeafb460,0x00000000eeb00000)
  to   space 2560K, 0% used [0x00000000eeb00000,0x00000000eeb00000,0x00000000eed80000)
 ParOldGen       total 41984K, used 23519K [0x00000000c0000000, 0x00000000c2900000, 0x00000000eaa80000)
  object space 41984K, 56% used [0x00000000c0000000,0x00000000c16f7c08,0x00000000c2900000)
 PSPermGen       total 21504K, used 6055K [0x00000000bae00000, 0x00000000bc300000, 0x00000000c0000000)
  object space 21504K, 28% used [0x00000000bae00000,0x00000000bb3e9dc0,0x00000000bc300000)
Event: 15.460 GC heap after
Heap after GC invocations=6 (full 0):
 PSYoungGen      total 66048K, used 2557K [0x00000000eaa80000, 0x00000000eed80000, 0x0000000100000000)
  eden space 63488K, 0% used [0x00000000eaa80000,0x00000000eaa80000,0x00000000ee880000)
  from space 2560K, 99% used [0x00000000eeb00000,0x00000000eed7f640,0x00000000eed80000)
  to   space 2560K, 0% used [0x00000000ee880000,0x00000000ee880000,0x00000000eeb00000)
 ParOldGen       total 41984K, used 34623K [0x00000000c0000000, 0x00000000c2900000, 0x00000000eaa80000)
  object space 41984K, 82% used [0x00000000c0000000,0x00000000c21cfc38,0x00000000c2900000)
 PSPermGen       total 21504K, used 6055K [0x00000000bae00000, 0x00000000bc300000, 0x00000000c0000000)
  object space 21504K, 28% used [0x00000000bae00000,0x00000000bb3e9dc0,0x00000000bc300000)
}
Event: 15.460 GC heap before
{Heap before GC invocations=7 (full 1):
 PSYoungGen      total 66048K, used 2557K [0x00000000eaa80000, 0x00000000eed80000, 0x0000000100000000)
  eden space 63488K, 0% used [0x00000000eaa80000,0x00000000eaa80000,0x00000000ee880000)
  from space 2560K, 99% used [0x00000000eeb00000,0x00000000eed7f640,0x00000000eed80000)
  to   space 2560K, 0% used [0x00000000ee880000,0x00000000ee880000,0x00000000eeb00000)
 ParOldGen       total 41984K, used 34623K [0x00000000c0000000, 0x00000000c2900000, 0x00000000eaa80000)
  object space 41984K, 82% used [0x00000000c0000000,0x00000000c21cfc38,0x00000000c2900000)
 PSPermGen       total 21504K, used 6055K [0x00000000bae00000, 0x00000000bc300000, 0x00000000c0000000)
  object space 21504K, 28% used [0x00000000bae00000,0x00000000bb3e9dc0,0x00000000bc300000)
Event: 16.921 GC heap after
Heap after GC invocations=7 (full 1):
 PSYoungGen      total 66048K, used 0K [0x00000000eaa80000, 0x00000000eed80000, 0x0000000100000000)
  eden space 63488K, 0% used [0x00000000eaa80000,0x00000000eaa80000,0x00000000ee880000)
  from space 2560K, 0% used [0x00000000eeb00000,0x00000000eeb00000,0x00000000eed80000)
  to   space 2560K, 0% used [0x00000000ee880000,0x00000000ee880000,0x00000000eeb00000)
 ParOldGen       total 73216K, used 32761K [0x00000000c0000000, 0x00000000c4780000, 0x00000000eaa80000)
  object space 73216K, 44% used [0x00000000c0000000,0x00000000c1ffe7d8,0x00000000c4780000)
 PSPermGen       total 21504K, used 6050K [0x00000000bae00000, 0x00000000bc300000, 0x00000000c0000000)
  object space 21504K, 28% used [0x00000000bae00000,0x00000000bb3e89e0,0x00000000bc300000)
}
Event: 17.540 GC heap before
{Heap before GC invocations=8 (full 1):
 PSYoungGen      total 66048K, used 63488K [0x00000000eaa80000, 0x00000000eed80000, 0x0000000100000000)
  eden space 63488K, 100% used [0x00000000eaa80000,0x00000000ee880000,0x00000000ee880000)
  from space 2560K, 0% used [0x00000000eeb00000,0x00000000eeb00000,0x00000000eed80000)
  to   space 2560K, 0% used [0x00000000ee880000,0x00000000ee880000,0x00000000eeb00000)
 ParOldGen       total 73216K, used 32761K [0x00000000c0000000, 0x00000000c4780000, 0x00000000eaa80000)
  object space 73216K, 44% used [0x00000000c0000000,0x00000000c1ffe7d8,0x00000000c4780000)
 PSPermGen       total 21504K, used 6077K [0x00000000bae00000, 0x00000000bc300000, 0x00000000c0000000)
  object space 21504K, 28% used [0x00000000bae00000,0x00000000bb3ef7c8,0x00000000bc300000)
Event: 17.633 GC heap after
Heap after GC invocations=8 (full 1):
 PSYoungGen      total 66048K, used 2548K [0x00000000eaa80000, 0x00000000f2280000, 0x0000000100000000)
  eden space 63488K, 0% used [0x00000000eaa80000,0x00000000eaa80000,0x00000000ee880000)
  from space 2560K, 99% used [0x00000000ee880000,0x00000000eeafd3e0,0x00000000eeb00000)
  to   space 17920K, 0% used [0x00000000f1100000,0x00000000f1100000,0x00000000f2280000)
 ParOldGen       total 73216K, used 40763K [0x00000000c0000000, 0x00000000c4780000, 0x00000000eaa80000)
  object space 73216K, 55% used [0x00000000c0000000,0x00000000c27ced80,0x00000000c4780000)
 PSPermGen       total 21504K, used 6077K [0x00000000bae00000, 0x00000000bc300000, 0x00000000c0000000)
  object space 21504K, 28% used [0x00000000bae00000,0x00000000bb3ef7c8,0x00000000bc300000)
}

Deoptimization events (10 events):
Event: 17.653 Thread 0x0000000009f73000 Uncommon trap: reason=class_check action=maybe_recompile pc=0x0000000002821328 method=com.android.dx.cf.code.Ropper.processBlock(Lcom/android/dx/cf/code/ByteBlock;Lcom/android/dx/cf/code/Frame;[I)V @ 711
Event: 17.653 Thread 0x0000000009f73000 Uncommon trap: reason=class_check action=maybe_recompile pc=0x0000000002821328 method=com.android.dx.cf.code.Ropper.processBlock(Lcom/android/dx/cf/code/ByteBlock;Lcom/android/dx/cf/code/Frame;[I)V @ 711
Event: 17.674 Thread 0x0000000009f2f000 Uncommon trap: reason=bimorphic action=maybe_recompile pc=0x0000000002847694 method=com.android.dx.cf.code.BytecodeArray.parseInstruction(ILcom/android/dx/cf/code/BytecodeArray$Visitor;)I @ 1357
Event: 17.681 Thread 0x0000000009f2f000 Uncommon trap: reason=bimorphic action=maybe_recompile pc=0x0000000002847694 method=com.android.dx.cf.code.BytecodeArray.parseInstruction(ILcom/android/dx/cf/code/BytecodeArray$Visitor;)I @ 1357
Event: 18.003 Thread 0x0000000009f73000 Uncommon trap: reason=bimorphic action=maybe_recompile pc=0x00000000026b5c10 method=com.android.dx.ssa.LiteralOpUpgrader.tryReplacingWithConstant(Lcom/android/dx/ssa/NormalSsaInsn;)Z @ 62
Event: 18.003 Thread 0x0000000009f73000 Uncommon trap: reason=unstable_if action=reinterpret pc=0x000000000260bfb0 method=com.android.dx.ssa.LiteralOpUpgrader$1.visitNonMoveInsn(Lcom/android/dx/ssa/NormalSsaInsn;)V @ 24
Event: 18.007 Thread 0x0000000009f73000 Uncommon trap: reason=bimorphic action=maybe_recompile pc=0x00000000026b5c10 method=com.android.dx.ssa.LiteralOpUpgrader.tryReplacingWithConstant(Lcom/android/dx/ssa/NormalSsaInsn;)Z @ 62
Event: 18.331 Thread 0x0000000009f74000 Uncommon trap: reason=bimorphic action=maybe_recompile pc=0x000000000285f30c method=com.android.dx.cf.code.BytecodeArray.parseInstruction(ILcom/android/dx/cf/code/BytecodeArray$Visitor;)I @ 971
Event: 18.331 Thread 0x0000000009f74000 Uncommon trap: reason=bimorphic action=maybe_recompile pc=0x000000000285f30c method=com.android.dx.cf.code.BytecodeArray.parseInstruction(ILcom/android/dx/cf/code/BytecodeArray$Visitor;)I @ 971
Event: 18.487 Thread 0x0000000009f74000 Uncommon trap: reason=unstable_if action=reinterpret pc=0x0000000002682efc method=com.android.dx.ssa.LiteralOpUpgrader$1.visitNonMoveInsn(Lcom/android/dx/ssa/NormalSsaInsn;)V @ 176

Internal exceptions (10 events):
Event: 9.881 Thread 0x0000000009f73000 Threw 0x00000000eae52ce0 at C:\re\jdk7u80\2329\hotspot\src\share\vm\prims\jvm.cpp:1319
Event: 10.232 Thread 0x0000000002450800 Implicit null exception at 0x000000000260ffb0 to 0x0000000002611255
Event: 10.993 Thread 0x0000000002450800 Threw 0x00000000eb215478 at C:\re\jdk7u80\2329\hotspot\src\share\vm\prims\jvm.cpp:1319
Event: 11.001 Thread 0x0000000002450800 Threw 0x00000000eb270580 at C:\re\jdk7u80\2329\hotspot\src\share\vm\prims\jvm.cpp:1319
Event: 12.323 Thread 0x0000000002450800 Threw 0x00000000eab0ea60 at C:\re\jdk7u80\2329\hotspot\src\share\vm\prims\jvm.cpp:1319
Event: 14.637 Thread 0x0000000009f73000 Implicit null exception at 0x00000000027d88b8 to 0x00000000027dc65d
Event: 14.954 Thread 0x0000000002450800 Threw 0x00000000ed564928 at C:\re\jdk7u80\2329\hotspot\src\share\vm\prims\jvm.cpp:1319
Event: 15.146 Thread 0x0000000002450800 Implicit null exception at 0x0000000002784fbc to 0x000000000278521d
Event: 15.146 Thread 0x0000000002450800 Implicit null exception at 0x00000000026253e8 to 0x0000000002625635
Event: 16.927 Thread 0x0000000009ee6000 Implicit null exception at 0x0000000002673d9c to 0x0000000002673ea9

Events (10 events):
Event: 18.018 Thread 0x00000000083fe000 flushing nmethod 0x0000000002741550
Event: 18.331 Thread 0x0000000009f74000 Uncommon trap: trap_request=0xffffffc6 fr.pc=0x000000000285f30c
Event: 18.331 Thread 0x0000000009f74000 DEOPT PACKING pc=0x000000000285f30c sp=0x000000000a65e8d0
Event: 18.331 Thread 0x0000000009f74000 DEOPT UNPACKING pc=0x00000000025875a4 sp=0x000000000a65e878 mode 2
Event: 18.331 Thread 0x0000000009f74000 Uncommon trap: trap_request=0xffffffc6 fr.pc=0x000000000285f30c
Event: 18.331 Thread 0x0000000009f74000 DEOPT PACKING pc=0x000000000285f30c sp=0x000000000a65e950
Event: 18.331 Thread 0x0000000009f74000 DEOPT UNPACKING pc=0x00000000025875a4 sp=0x000000000a65e8f8 mode 2
Event: 18.487 Thread 0x0000000009f74000 Uncommon trap: trap_request=0xffffff75 fr.pc=0x0000000002682efc
Event: 18.487 Thread 0x0000000009f74000 DEOPT PACKING pc=0x0000000002682efc sp=0x000000000a65ea00
Event: 18.487 Thread 0x0000000009f74000 DEOPT UNPACKING pc=0x00000000025875a4 sp=0x000000000a65e9a0 mode 2


Dynamic libraries:
0x00007ff719410000 - 0x00007ff719443000 	D:\Android\Android\JDK\jdk1.7.0_80\bin\java.exe
0x00007ffb7f4b0000 - 0x00007ffb7f671000 	C:\WINDOWS\SYSTEM32\ntdll.dll
0x00007ffb7c8f0000 - 0x00007ffb7c99d000 	C:\WINDOWS\system32\KERNEL32.DLL
0x00007ffb7bbd0000 - 0x00007ffb7bdb8000 	C:\WINDOWS\system32\KERNELBASE.dll
0x00007ffb7eb20000 - 0x00007ffb7ebc7000 	C:\WINDOWS\system32\ADVAPI32.dll
0x00007ffb7ebd0000 - 0x00007ffb7ec6d000 	C:\WINDOWS\system32\msvcrt.dll
0x00007ffb7cc30000 - 0x00007ffb7cc8b000 	C:\WINDOWS\system32\sechost.dll
0x00007ffb7d0c0000 - 0x00007ffb7d1dc000 	C:\WINDOWS\system32\RPCRT4.dll
0x00007ffb7ca00000 - 0x00007ffb7cb56000 	C:\WINDOWS\system32\USER32.dll
0x00007ffb7f310000 - 0x00007ffb7f496000 	C:\WINDOWS\system32\GDI32.dll
0x00007ffb77be0000 - 0x00007ffb77e54000 	C:\WINDOWS\WinSxS\amd64_microsoft.windows.common-controls_6595b64144ccf1df_6.0.10586.0_none_8c15ae12515e1c22\COMCTL32.dll
0x00007ffb7f090000 - 0x00007ffb7f30d000 	C:\WINDOWS\system32\combase.dll
0x00007ffb7bb60000 - 0x00007ffb7bbca000 	C:\WINDOWS\system32\bcryptPrimitives.dll
0x00007ffb7c8b0000 - 0x00007ffb7c8eb000 	C:\WINDOWS\system32\IMM32.DLL
0x00007ffb7b9c0000 - 0x00007ffb7b9f1000 	C:\Windows\system32\nvinitx.dll
0x00007ffb7b9b0000 - 0x00007ffb7b9ba000 	C:\WINDOWS\SYSTEM32\VERSION.dll
0x000000000f000000 - 0x000000000f006000 	C:\Program Files\NVIDIA Corporation\CoProcManager\_etoured.dll
0x00007ffb78c60000 - 0x00007ffb78c92000 	C:\Program Files\NVIDIA Corporation\CoProcManager\nvd3d9wrapx.dll
0x00007ffb7cc90000 - 0x00007ffb7d0b9000 	C:\WINDOWS\system32\SETUPAPI.dll
0x00007ffb7c040000 - 0x00007ffb7c083000 	C:\WINDOWS\system32\CFGMGR32.dll
0x00007ffb789a0000 - 0x00007ffb789c2000 	C:\Program Files\NVIDIA Corporation\CoProcManager\nvdxgiwrapx.dll
0x0000000074200000 - 0x00000000742d2000 	D:\Android\Android\JDK\jdk1.7.0_80\jre\bin\msvcr100.dll
0x00000000742e0000 - 0x0000000074ab9000 	D:\Android\Android\JDK\jdk1.7.0_80\jre\bin\server\jvm.dll
0x00007ffb7e880000 - 0x00007ffb7e888000 	C:\WINDOWS\system32\PSAPI.DLL
0x00007ffb79d60000 - 0x00007ffb79d69000 	C:\WINDOWS\SYSTEM32\WSOCK32.dll
0x00007ffb7e7a0000 - 0x00007ffb7e80b000 	C:\WINDOWS\system32\WS2_32.dll
0x00007ffb79cd0000 - 0x00007ffb79cf3000 	C:\WINDOWS\SYSTEM32\WINMM.dll
0x00007ffb79ca0000 - 0x00007ffb79ccc000 	C:\WINDOWS\SYSTEM32\WINMMBASE.dll
0x00000000741f0000 - 0x00000000741ff000 	D:\Android\Android\JDK\jdk1.7.0_80\jre\bin\verify.dll
0x00000000741c0000 - 0x00000000741e8000 	D:\Android\Android\JDK\jdk1.7.0_80\jre\bin\java.dll
0x00000000741a0000 - 0x00000000741b6000 	D:\Android\Android\JDK\jdk1.7.0_80\jre\bin\zip.dll
0x0000000074180000 - 0x000000007419a000 	D:\Android\Android\JDK\jdk1.7.0_80\jre\bin\net.dll
0x00007ffb7b350000 - 0x00007ffb7b3ac000 	C:\WINDOWS\system32\mswsock.dll
0x0000000074160000 - 0x0000000074171000 	D:\Android\Android\JDK\jdk1.7.0_80\jre\bin\nio.dll

VM Arguments:
jvm_args: -Djava.awt.headless=true -Xmx1024M -Dfile.encoding=GBK -Duser.country=CN -Duser.language=zh -Duser.variant 
java_command: com.android.dx.command.Main --dex --num-threads=4 --output D:\Android\newwork\trunk\WeiboOne\app\build\intermediates\pre-dexed\debug\com.android.support-support-v4-23.3.0_09140228705c63c61ec48afd4379a129e85a479c.jar D:\Android\newwork\trunk\WeiboOne\app\build\intermediates\exploded-aar\com.android.support\support-v4\23.3.0\jars\classes.jar
Launcher Type: SUN_STANDARD

Environment Variables:
JAVA_HOME=D:\Android\Android\JDK\jdk1.7.0_80
CLASSPATH= .;D:\Android\Android\JDK\jdk1.7.0_80\lib;D:\Android\Android\JDK\jdk1.7.0_80\lib\tools.jar
PATH=C:\WINDOWS\system32;C:\WINDOWS;C:\WINDOWS\System32\Wbem;C:\WINDOWS\System32\WindowsPowerShell\v1.0\;D:\Android\Android\JDK\jdk1.7.0_80\bin;D:\Android\Android\JDK\jdk1.7.0_80\jre\bin;
USERNAME=C
OS=Windows_NT
PROCESSOR_IDENTIFIER=Intel64 Family 6 Model 58 Stepping 9, GenuineIntel



---------------  S Y S T E M  ---------------

OS: Windows 8.1 , 64 bit Build 9600 

CPU:total 4 (2 cores per cpu, 2 threads per core) family 6 model 58 stepping 9, cmov, cx8, fxsr, mmx, sse, sse2, sse3, ssse3, sse4.1, sse4.2, popcnt, avx, aes, erms, ht, tsc, tscinvbit, tscinv

Memory: 4k page, physical 4028776k(242112k free), swap 9211532k(4908k free)

vm_info: Java HotSpot(TM) 64-Bit Server VM (24.80-b11) for windows-amd64 JRE (1.7.0_80-b15), built on Apr 10 2015 11:26:34 by "java_re" with unknown MS VC++:1600

time: Sat May 14 19:56:07 2016
elapsed time: 18 seconds

