#
# There is insufficient memory for the Java Runtime Environment to continue.
# Native memory allocation (malloc) failed to allocate 88912 bytes for Chunk::new
# Possible reasons:
#   The system is out of physical RAM or swap space
#   In 32 bit mode, the process size limit was hit
# Possible solutions:
#   Reduce memory load on the system
#   Increase physical memory or swap space
#   Check if swap backing store is full
#   Use 64 bit Java on a 64 bit OS
#   Decrease Java heap size (-Xmx/-Xms)
#   Decrease number of Java threads
#   Decrease Java thread stack sizes (-Xss)
#   Set larger code cache with -XX:ReservedCodeCacheSize=
# This output file may be truncated or incomplete.
#
#  Out of Memory Error (allocation.cpp:323), pid=17280, tid=15596
#
# JRE version: Java(TM) SE Runtime Environment (7.0_80-b15) (build 1.7.0_80-b15)
# Java VM: Java HotSpot(TM) 64-Bit Server VM (24.80-b11 mixed mode windows-amd64 compressed oops)
# Failed to write core dump. Minidumps are not enabled by default on client versions of Windows
#

---------------  T H R E A D  ---------------

Current thread (0x0000000008460800):  JavaThread "C2 CompilerThread1" daemon [_thread_in_native, id=15596, stack(0x0000000009ab0000,0x0000000009bb0000)]

Stack: [0x0000000009ab0000,0x0000000009bb0000]

Current CompileTask:
C2:  21664  878             java.util.ComparableTimSort::countRunAndMakeAscending (123 bytes)


---------------  P R O C E S S  ---------------

Java Threads: ( => current thread )
  0x000000000846f800 JavaThread "Service Thread" daemon [_thread_blocked, id=19192, stack(0x0000000009bb0000,0x0000000009cb0000)]
=>0x0000000008460800 JavaThread "C2 CompilerThread1" daemon [_thread_in_native, id=15596, stack(0x0000000009ab0000,0x0000000009bb0000)]
  0x000000000845e800 JavaThread "C2 CompilerThread0" daemon [_thread_blocked, id=17276, stack(0x00000000099b0000,0x0000000009ab0000)]
  0x000000000845e000 JavaThread "Attach Listener" daemon [_thread_blocked, id=21420, stack(0x00000000098b0000,0x00000000099b0000)]
  0x000000000845a800 JavaThread "Signal Dispatcher" daemon [_thread_blocked, id=20572, stack(0x00000000097b0000,0x00000000098b0000)]
  0x0000000008408800 JavaThread "Finalizer" daemon [_thread_blocked, id=19748, stack(0x00000000096b0000,0x00000000097b0000)]
  0x0000000008405000 JavaThread "Reference Handler" daemon [_thread_blocked, id=17528, stack(0x00000000095b0000,0x00000000096b0000)]
  0x00000000024b0800 JavaThread "main" [_thread_in_Java, id=18880, stack(0x00000000023b0000,0x00000000024b0000)]

Other Threads:
  0x0000000008400000 VMThread [stack: 0x00000000094b0000,0x00000000095b0000] [id=21108]
  0x000000000847a000 WatcherThread [stack: 0x0000000009cb0000,0x0000000009db0000] [id=15276]

VM state:not at safepoint (normal execution)

VM Mutex/Monitor currently owned by a thread: None

Heap
 PSYoungGen      total 141312K, used 79223K [0x00000000eaa80000, 0x00000000fcf80000, 0x0000000100000000)
  eden space 124416K, 63% used [0x00000000eaa80000,0x00000000ef7ddd48,0x00000000f2400000)
  from space 16896K, 0% used [0x00000000f2400000,0x00000000f2400000,0x00000000f3480000)
  to   space 25600K, 0% used [0x00000000fb680000,0x00000000fb680000,0x00000000fcf80000)
 ParOldGen       total 107008K, used 41920K [0x00000000c0000000, 0x00000000c6880000, 0x00000000eaa80000)
  object space 107008K, 39% used [0x00000000c0000000,0x00000000c28f01d0,0x00000000c6880000)
 PSPermGen       total 21504K, used 6331K [0x00000000bae00000, 0x00000000bc300000, 0x00000000c0000000)
  object space 21504K, 29% used [0x00000000bae00000,0x00000000bb42ed88,0x00000000bc300000)

Card table byte_map: [0x0000000005670000,0x00000000058a0000] byte_map_base: 0x0000000005099000

Polling page: 0x00000000004e0000

Code Cache  [0x00000000025b0000, 0x00000000028a0000, 0x00000000055b0000)
 total_blobs=1071 nmethods=832 adapters=191 free_code_cache=46294Kb largest_free_block=47260736

Compilation events (10 events):
Event: 21.329 Thread 0x000000000845e800  874   !         com.android.dx.dex.code.LocalList$Entry::<init> (91 bytes)
Event: 21.331 Thread 0x000000000845e800 nmethod 874 0x0000000002685c50 code [0x0000000002685da0, 0x0000000002685f08]
Event: 21.359 Thread 0x0000000008460800 nmethod 871 0x00000000027d4fd0 code [0x00000000027d5180, 0x00000000027d5d88]
Event: 21.382 Thread 0x000000000845e800  875             com.android.dx.dex.code.form.Form11x::codeSize (2 bytes)
Event: 21.382 Thread 0x000000000845e800 nmethod 875 0x00000000028603d0 code [0x0000000002860500, 0x0000000002860558]
Event: 21.579 Thread 0x0000000008460800  876             com.android.dx.dex.code.LocalSnapshot::withRegisterOffset (20 bytes)
Event: 21.582 Thread 0x0000000008460800 nmethod 876 0x0000000002685750 code [0x00000000026858c0, 0x0000000002685a48]
Event: 21.582 Thread 0x000000000845e800  877             com.android.dx.dex.code.CstInsn::withRegisters (53 bytes)
Event: 21.585 Thread 0x000000000845e800 nmethod 877 0x00000000027dc5d0 code [0x00000000027dc720, 0x00000000027dc938]
Event: 21.643 Thread 0x0000000008460800  878             java.util.ComparableTimSort::countRunAndMakeAscending (123 bytes)

GC Heap History (10 events):
Event: 8.496 GC heap before
{Heap before GC invocations=5 (full 0):
 PSYoungGen      total 66048K, used 66016K [0x00000000eaa80000, 0x00000000eed80000, 0x0000000100000000)
  eden space 63488K, 100% used [0x00000000eaa80000,0x00000000ee880000,0x00000000ee880000)
  from space 2560K, 98% used [0x00000000eeb00000,0x00000000eed78028,0x00000000eed80000)
  to   space 2560K, 0% used [0x00000000ee880000,0x00000000ee880000,0x00000000eeb00000)
 ParOldGen       total 41984K, used 13932K [0x00000000c0000000, 0x00000000c2900000, 0x00000000eaa80000)
  object space 41984K, 33% used [0x00000000c0000000,0x00000000c0d9b168,0x00000000c2900000)
 PSPermGen       total 21504K, used 6012K [0x00000000bae00000, 0x00000000bc300000, 0x00000000c0000000)
  object space 21504K, 27% used [0x00000000bae00000,0x00000000bb3df230,0x00000000bc300000)
Event: 8.525 GC heap after
Heap after GC invocations=5 (full 0):
 PSYoungGen      total 66048K, used 2528K [0x00000000eaa80000, 0x00000000f4280000, 0x0000000100000000)
  eden space 63488K, 0% used [0x00000000eaa80000,0x00000000eaa80000,0x00000000ee880000)
  from space 2560K, 98% used [0x00000000ee880000,0x00000000eeaf8028,0x00000000eeb00000)
  to   space 14336K, 0% used [0x00000000f3480000,0x00000000f3480000,0x00000000f4280000)
 ParOldGen       total 41984K, used 25176K [0x00000000c0000000, 0x00000000c2900000, 0x00000000eaa80000)
  object space 41984K, 59% used [0x00000000c0000000,0x00000000c1896370,0x00000000c2900000)
 PSPermGen       total 21504K, used 6012K [0x00000000bae00000, 0x00000000bc300000, 0x00000000c0000000)
  object space 21504K, 27% used [0x00000000bae00000,0x00000000bb3df230,0x00000000bc300000)
}
Event: 9.221 GC heap before
{Heap before GC invocations=6 (full 0):
 PSYoungGen      total 66048K, used 66016K [0x00000000eaa80000, 0x00000000f4280000, 0x0000000100000000)
  eden space 63488K, 100% used [0x00000000eaa80000,0x00000000ee880000,0x00000000ee880000)
  from space 2560K, 98% used [0x00000000ee880000,0x00000000eeaf8028,0x00000000eeb00000)
  to   space 14336K, 0% used [0x00000000f3480000,0x00000000f3480000,0x00000000f4280000)
 ParOldGen       total 41984K, used 25176K [0x00000000c0000000, 0x00000000c2900000, 0x00000000eaa80000)
  object space 41984K, 59% used [0x00000000c0000000,0x00000000c1896370,0x00000000c2900000)
 PSPermGen       total 21504K, used 6036K [0x00000000bae00000, 0x00000000bc300000, 0x00000000c0000000)
  object space 21504K, 28% used [0x00000000bae00000,0x00000000bb3e5128,0x00000000bc300000)
Event: 9.259 GC heap after
Heap after GC invocations=6 (full 0):
 PSYoungGen      total 138752K, used 13763K [0x00000000eaa80000, 0x00000000f4780000, 0x0000000100000000)
  eden space 124416K, 0% used [0x00000000eaa80000,0x00000000eaa80000,0x00000000f2400000)
  from space 14336K, 96% used [0x00000000f3480000,0x00000000f41f0cd8,0x00000000f4280000)
  to   space 16896K, 0% used [0x00000000f2400000,0x00000000f2400000,0x00000000f3480000)
 ParOldGen       total 41984K, used 25176K [0x00000000c0000000, 0x00000000c2900000, 0x00000000eaa80000)
  object space 41984K, 59% used [0x00000000c0000000,0x00000000c1896370,0x00000000c2900000)
 PSPermGen       total 21504K, used 6036K [0x00000000bae00000, 0x00000000bc300000, 0x00000000c0000000)
  object space 21504K, 28% used [0x00000000bae00000,0x00000000bb3e5128,0x00000000bc300000)
}
Event: 10.095 GC heap before
{Heap before GC invocations=7 (full 0):
 PSYoungGen      total 138752K, used 138179K [0x00000000eaa80000, 0x00000000f4780000, 0x0000000100000000)
  eden space 124416K, 100% used [0x00000000eaa80000,0x00000000f2400000,0x00000000f2400000)
  from space 14336K, 96% used [0x00000000f3480000,0x00000000f41f0cd8,0x00000000f4280000)
  to   space 16896K, 0% used [0x00000000f2400000,0x00000000f2400000,0x00000000f3480000)
 ParOldGen       total 41984K, used 25176K [0x00000000c0000000, 0x00000000c2900000, 0x00000000eaa80000)
  object space 41984K, 59% used [0x00000000c0000000,0x00000000c1896370,0x00000000c2900000)
 PSPermGen       total 21504K, used 6070K [0x00000000bae00000, 0x00000000bc300000, 0x00000000c0000000)
  object space 21504K, 28% used [0x00000000bae00000,0x00000000bb3eda58,0x00000000bc300000)
Event: 10.323 GC heap after
Heap after GC invocations=7 (full 0):
 PSYoungGen      total 141312K, used 16886K [0x00000000eaa80000, 0x00000000fcf80000, 0x0000000100000000)
  eden space 124416K, 0% used [0x00000000eaa80000,0x00000000eaa80000,0x00000000f2400000)
  from space 16896K, 99% used [0x00000000f2400000,0x00000000f347db20,0x00000000f3480000)
  to   space 25600K, 0% used [0x00000000fb680000,0x00000000fb680000,0x00000000fcf80000)
 ParOldGen       total 41984K, used 35997K [0x00000000c0000000, 0x00000000c2900000, 0x00000000eaa80000)
  object space 41984K, 85% used [0x00000000c0000000,0x00000000c2327558,0x00000000c2900000)
 PSPermGen       total 21504K, used 6070K [0x00000000bae00000, 0x00000000bc300000, 0x00000000c0000000)
  object space 21504K, 28% used [0x00000000bae00000,0x00000000bb3eda58,0x00000000bc300000)
}
Event: 10.324 GC heap before
{Heap before GC invocations=8 (full 1):
 PSYoungGen      total 141312K, used 16886K [0x00000000eaa80000, 0x00000000fcf80000, 0x0000000100000000)
  eden space 124416K, 0% used [0x00000000eaa80000,0x00000000eaa80000,0x00000000f2400000)
  from space 16896K, 99% used [0x00000000f2400000,0x00000000f347db20,0x00000000f3480000)
  to   space 25600K, 0% used [0x00000000fb680000,0x00000000fb680000,0x00000000fcf80000)
 ParOldGen       total 41984K, used 35997K [0x00000000c0000000, 0x00000000c2900000, 0x00000000eaa80000)
  object space 41984K, 85% used [0x00000000c0000000,0x00000000c2327558,0x00000000c2900000)
 PSPermGen       total 21504K, used 6070K [0x00000000bae00000, 0x00000000bc300000, 0x00000000c0000000)
  object space 21504K, 28% used [0x00000000bae00000,0x00000000bb3eda58,0x00000000bc300000)
Event: 14.258 GC heap after
Heap after GC invocations=8 (full 1):
 PSYoungGen      total 141312K, used 7137K [0x00000000eaa80000, 0x00000000fcf80000, 0x0000000100000000)
  eden space 124416K, 0% used [0x00000000eaa80000,0x00000000eaa80000,0x00000000f2400000)
  from space 16896K, 42% used [0x00000000f2400000,0x00000000f2af8710,0x00000000f3480000)
  to   space 25600K, 0% used [0x00000000fb680000,0x00000000fb680000,0x00000000fcf80000)
 ParOldGen       total 41984K, used 41702K [0x00000000c0000000, 0x00000000c2900000, 0x00000000eaa80000)
  object space 41984K, 99% used [0x00000000c0000000,0x00000000c28b9940,0x00000000c2900000)
 PSPermGen       total 21504K, used 6064K [0x00000000bae00000, 0x00000000bc300000, 0x00000000c0000000)
  object space 21504K, 28% used [0x00000000bae00000,0x00000000bb3ec138,0x00000000bc300000)
}
Event: 15.866 GC heap before
{Heap before GC invocations=9 (full 2):
 PSYoungGen      total 141312K, used 131553K [0x00000000eaa80000, 0x00000000fcf80000, 0x0000000100000000)
  eden space 124416K, 100% used [0x00000000eaa80000,0x00000000f2400000,0x00000000f2400000)
  from space 16896K, 42% used [0x00000000f2400000,0x00000000f2af8710,0x00000000f3480000)
  to   space 25600K, 0% used [0x00000000fb680000,0x00000000fb680000,0x00000000fcf80000)
 ParOldGen       total 41984K, used 41702K [0x00000000c0000000, 0x00000000c2900000, 0x00000000eaa80000)
  object space 41984K, 99% used [0x00000000c0000000,0x00000000c28b9940,0x00000000c2900000)
 PSPermGen       total 21504K, used 6105K [0x00000000bae00000, 0x00000000bc300000, 0x00000000c0000000)
  object space 21504K, 28% used [0x00000000bae00000,0x00000000bb3f6478,0x00000000bc300000)
Event: 17.684 GC heap after
Heap after GC invocations=9 (full 2):
 PSYoungGen      total 141312K, used 22247K [0x00000000eaa80000, 0x00000000fcf80000, 0x0000000100000000)
  eden space 124416K, 17% used [0x00000000eaa80000,0x00000000ec039cf8,0x00000000f2400000)
  from space 16896K, 0% used [0x00000000f2400000,0x00000000f2400000,0x00000000f3480000)
  to   space 25600K, 0% used [0x00000000fb680000,0x00000000fb680000,0x00000000fcf80000)
 ParOldGen       total 107008K, used 41920K [0x00000000c0000000, 0x00000000c6880000, 0x00000000eaa80000)
  object space 107008K, 39% used [0x00000000c0000000,0x00000000c28f01d0,0x00000000c6880000)
 PSPermGen       total 21504K, used 6104K [0x00000000bae00000, 0x00000000bc300000, 0x00000000c0000000)
  object space 21504K, 28% used [0x00000000bae00000,0x00000000bb3f63b8,0x00000000bc300000)
}

Deoptimization events (10 events):
Event: 20.532 Thread 0x00000000024b0800 Uncommon trap: reason=class_check action=maybe_recompile pc=0x00000000026c1598 method=com.android.dx.dex.code.OutputFinisher.massageInstructions([Lcom/android/dx/dex/code/Dop;)V @ 63
Event: 20.562 Thread 0x00000000024b0800 Uncommon trap: reason=class_check action=maybe_recompile pc=0x00000000026c1598 method=com.android.dx.dex.code.OutputFinisher.massageInstructions([Lcom/android/dx/dex/code/Dop;)V @ 63
Event: 20.584 Thread 0x00000000024b0800 Uncommon trap: reason=class_check action=maybe_recompile pc=0x00000000026c1598 method=com.android.dx.dex.code.OutputFinisher.massageInstructions([Lcom/android/dx/dex/code/Dop;)V @ 63
Event: 20.649 Thread 0x00000000024b0800 Uncommon trap: reason=class_check action=maybe_recompile pc=0x00000000026cf020 method=com.android.dx.dex.code.OutputFinisher.calculateReservedCount([Lcom/android/dx/dex/code/Dop;)I @ 72
Event: 20.848 Thread 0x00000000024b0800 Uncommon trap: reason=unstable_if action=reinterpret pc=0x00000000027a2df0 method=com.android.dx.dex.code.LocalList$MakeState.filterSpec(Lcom/android/dx/rop/code/RegisterSpec;)Lcom/android/dx/rop/code/RegisterSpec; @ 11
Event: 20.849 Thread 0x00000000024b0800 Uncommon trap: reason=unstable_if action=reinterpret pc=0x00000000027aef64 method=com.android.dx.dex.code.LocalList$MakeState.filterSpec(Lcom/android/dx/rop/code/RegisterSpec;)Lcom/android/dx/rop/code/RegisterSpec; @ 11
Event: 20.849 Thread 0x00000000024b0800 Uncommon trap: reason=unstable_if action=reinterpret pc=0x00000000027a536c method=com.android.dx.dex.code.LocalList$MakeState.filterSpec(Lcom/android/dx/rop/code/RegisterSpec;)Lcom/android/dx/rop/code/RegisterSpec; @ 11
Event: 20.866 Thread 0x00000000024b0800 Uncommon trap: reason=unstable_if action=reinterpret pc=0x00000000027a18b8 method=com.android.dx.dex.code.OutputFinisher.align64bits([Lcom/android/dx/dex/code/Dop;)V @ 205
Event: 21.173 Thread 0x00000000024b0800 Uncommon trap: reason=unstable_if action=reinterpret pc=0x00000000026d3eac method=com.android.dx.dex.code.form.Form35c.wordCount(Lcom/android/dx/rop/code/RegisterSpecList;)I @ 65
Event: 21.576 Thread 0x00000000024b0800 Uncommon trap: reason=unstable_if action=reinterpret pc=0x000000000284fcb0 method=com.android.dx.dex.code.OutputFinisher.performExpansion([Lcom/android/dx/dex/code/Dop;)Ljava/util/ArrayList; @ 141

Internal exceptions (10 events):
Event: 19.980 Thread 0x00000000024b0800 Threw 0x00000000eeb63e30 at C:\re\jdk7u80\2329\hotspot\src\share\vm\prims\jvm.cpp:1319
Event: 19.981 Thread 0x00000000024b0800 Threw 0x00000000eeb68ec0 at C:\re\jdk7u80\2329\hotspot\src\share\vm\prims\jvm.cpp:1319
Event: 19.983 Thread 0x00000000024b0800 Threw 0x00000000eeb6f300 at C:\re\jdk7u80\2329\hotspot\src\share\vm\prims\jvm.cpp:1319
Event: 19.984 Thread 0x00000000024b0800 Threw 0x00000000eeb72108 at C:\re\jdk7u80\2329\hotspot\src\share\vm\prims\jvm.cpp:1319
Event: 19.985 Thread 0x00000000024b0800 Threw 0x00000000eeb76e10 at C:\re\jdk7u80\2329\hotspot\src\share\vm\prims\jvm.cpp:1319
Event: 19.986 Thread 0x00000000024b0800 Threw 0x00000000eeb7b3b8 at C:\re\jdk7u80\2329\hotspot\src\share\vm\prims\jvm.cpp:1319
Event: 20.198 Thread 0x00000000024b0800 Threw 0x00000000eebcfab8 at C:\re\jdk7u80\2329\hotspot\src\share\vm\prims\jvm.cpp:1319
Event: 20.254 Thread 0x00000000024b0800 Threw 0x00000000eebe8590 at C:\re\jdk7u80\2329\hotspot\src\share\vm\prims\jvm.cpp:1319
Event: 20.268 Thread 0x00000000024b0800 Threw 0x00000000eebeb4d8 at C:\re\jdk7u80\2329\hotspot\src\share\vm\prims\jvm.cpp:1319
Event: 20.272 Thread 0x00000000024b0800 Threw 0x00000000eebee538 at C:\re\jdk7u80\2329\hotspot\src\share\vm\prims\jvm.cpp:1319

Events (10 events):
Event: 20.993 Thread 0x000000000845e800 flushing nmethod 0x0000000002802790
Event: 20.993 Thread 0x000000000845e800 flushing nmethod 0x000000000284a790
Event: 20.993 Thread 0x000000000845e800 flushing nmethod 0x000000000284ee90
Event: 20.994 Thread 0x000000000845e800 flushing nmethod 0x000000000285fd50
Event: 21.173 Thread 0x00000000024b0800 Uncommon trap: trap_request=0xffffff75 fr.pc=0x00000000026d3eac
Event: 21.173 Thread 0x00000000024b0800 DEOPT PACKING pc=0x00000000026d3eac sp=0x00000000024aeb20
Event: 21.173 Thread 0x00000000024b0800 DEOPT UNPACKING pc=0x00000000025e75a4 sp=0x00000000024aeac0 mode 2
Event: 21.576 Thread 0x00000000024b0800 Uncommon trap: trap_request=0xffffff75 fr.pc=0x000000000284fcb0
Event: 21.577 Thread 0x00000000024b0800 DEOPT PACKING pc=0x000000000284fcb0 sp=0x00000000024aebb0
Event: 21.577 Thread 0x00000000024b0800 DEOPT UNPACKING pc=0x00000000025e75a4 sp=0x00000000024aeb50 mode 2


Dynamic libraries:
0x00007ff719410000 - 0x00007ff719443000 	D:\Android\Android\JDK\jdk1.7.0_80\bin\java.exe
0x00007ffb7f4b0000 - 0x00007ffb7f671000 	C:\WINDOWS\SYSTEM32\ntdll.dll
0x00007ffb7c8f0000 - 0x00007ffb7c99d000 	C:\WINDOWS\system32\KERNEL32.DLL
0x00007ffb7bbd0000 - 0x00007ffb7bdb8000 	C:\WINDOWS\system32\KERNELBASE.dll
0x00007ffb7eb20000 - 0x00007ffb7ebc7000 	C:\WINDOWS\system32\ADVAPI32.dll
0x00007ffb7ebd0000 - 0x00007ffb7ec6d000 	C:\WINDOWS\system32\msvcrt.dll
0x00007ffb7cc30000 - 0x00007ffb7cc8b000 	C:\WINDOWS\system32\sechost.dll
0x00007ffb7d0c0000 - 0x00007ffb7d1dc000 	C:\WINDOWS\system32\RPCRT4.dll
0x00007ffb7ca00000 - 0x00007ffb7cb56000 	C:\WINDOWS\system32\USER32.dll
0x00007ffb7f310000 - 0x00007ffb7f496000 	C:\WINDOWS\system32\GDI32.dll
0x00007ffb77be0000 - 0x00007ffb77e54000 	C:\WINDOWS\WinSxS\amd64_microsoft.windows.common-controls_6595b64144ccf1df_6.0.10586.0_none_8c15ae12515e1c22\COMCTL32.dll
0x00007ffb7f090000 - 0x00007ffb7f30d000 	C:\WINDOWS\system32\combase.dll
0x00007ffb7bb60000 - 0x00007ffb7bbca000 	C:\WINDOWS\system32\bcryptPrimitives.dll
0x00007ffb7c8b0000 - 0x00007ffb7c8eb000 	C:\WINDOWS\system32\IMM32.DLL
0x00007ffb7b9c0000 - 0x00007ffb7b9f1000 	C:\Windows\system32\nvinitx.dll
0x00007ffb7b9b0000 - 0x00007ffb7b9ba000 	C:\WINDOWS\SYSTEM32\VERSION.dll
0x000000000f000000 - 0x000000000f006000 	C:\Program Files\NVIDIA Corporation\CoProcManager\_etoured.dll
0x00007ffb78c60000 - 0x00007ffb78c92000 	C:\Program Files\NVIDIA Corporation\CoProcManager\nvd3d9wrapx.dll
0x00007ffb7cc90000 - 0x00007ffb7d0b9000 	C:\WINDOWS\system32\SETUPAPI.dll
0x00007ffb7c040000 - 0x00007ffb7c083000 	C:\WINDOWS\system32\CFGMGR32.dll
0x00007ffb789a0000 - 0x00007ffb789c2000 	C:\Program Files\NVIDIA Corporation\CoProcManager\nvdxgiwrapx.dll
0x0000000074200000 - 0x00000000742d2000 	D:\Android\Android\JDK\jdk1.7.0_80\jre\bin\msvcr100.dll
0x00000000742e0000 - 0x0000000074ab9000 	D:\Android\Android\JDK\jdk1.7.0_80\jre\bin\server\jvm.dll
0x00007ffb7e880000 - 0x00007ffb7e888000 	C:\WINDOWS\system32\PSAPI.DLL
0x00007ffb79d60000 - 0x00007ffb79d69000 	C:\WINDOWS\SYSTEM32\WSOCK32.dll
0x00007ffb7e7a0000 - 0x00007ffb7e80b000 	C:\WINDOWS\system32\WS2_32.dll
0x00007ffb79cd0000 - 0x00007ffb79cf3000 	C:\WINDOWS\SYSTEM32\WINMM.dll
0x00007ffb79ca0000 - 0x00007ffb79ccc000 	C:\WINDOWS\SYSTEM32\WINMMBASE.dll
0x00000000741f0000 - 0x00000000741ff000 	D:\Android\Android\JDK\jdk1.7.0_80\jre\bin\verify.dll
0x00000000741c0000 - 0x00000000741e8000 	D:\Android\Android\JDK\jdk1.7.0_80\jre\bin\java.dll
0x00000000741a0000 - 0x00000000741b6000 	D:\Android\Android\JDK\jdk1.7.0_80\jre\bin\zip.dll
0x0000000074180000 - 0x000000007419a000 	D:\Android\Android\JDK\jdk1.7.0_80\jre\bin\net.dll
0x00007ffb7b350000 - 0x00007ffb7b3ac000 	C:\WINDOWS\system32\mswsock.dll
0x0000000074160000 - 0x0000000074171000 	D:\Android\Android\JDK\jdk1.7.0_80\jre\bin\nio.dll

VM Arguments:
jvm_args: -Djava.awt.headless=true -Xmx1024M -Dfile.encoding=GBK -Duser.country=CN -Duser.language=zh -Duser.variant 
java_command: com.android.dx.command.Main --dex --num-threads=4 --output D:\Android\newwork\trunk\WeiboOne\app\build\intermediates\pre-dexed\debug\httpclient-4.3.6_fab5232de355d4f9e694f943a950fed458ebc6c8.jar D:\Android\newwork\trunk\WeiboOne\app\libs\httpclient-4.3.6.jar
Launcher Type: SUN_STANDARD

Environment Variables:
JAVA_HOME=D:\Android\Android\JDK\jdk1.7.0_80
CLASSPATH= .;D:\Android\Android\JDK\jdk1.7.0_80\lib;D:\Android\Android\JDK\jdk1.7.0_80\lib\tools.jar
PATH=C:\WINDOWS\system32;C:\WINDOWS;C:\WINDOWS\System32\Wbem;C:\WINDOWS\System32\WindowsPowerShell\v1.0\;D:\Android\Android\JDK\jdk1.7.0_80\bin;D:\Android\Android\JDK\jdk1.7.0_80\jre\bin;
USERNAME=C
OS=Windows_NT
PROCESSOR_IDENTIFIER=Intel64 Family 6 Model 58 Stepping 9, GenuineIntel



---------------  S Y S T E M  ---------------

OS: Windows 8.1 , 64 bit Build 9600 

CPU:total 4 (2 cores per cpu, 2 threads per core) family 6 model 58 stepping 9, cmov, cx8, fxsr, mmx, sse, sse2, sse3, ssse3, sse4.1, sse4.2, popcnt, avx, aes, erms, ht, tsc, tscinvbit, tscinv

Memory: 4k page, physical 4028776k(253780k free), swap 9211532k(2088k free)

vm_info: Java HotSpot(TM) 64-Bit Server VM (24.80-b11) for windows-amd64 JRE (1.7.0_80-b15), built on Apr 10 2015 11:26:34 by "java_re" with unknown MS VC++:1600

time: Sat May 14 19:56:09 2016
elapsed time: 21 seconds

