#
# There is insufficient memory for the Java Runtime Environment to continue.
# Native memory allocation (malloc) failed to allocate 48656 bytes for Chunk::new
# Possible reasons:
#   The system is out of physical RAM or swap space
#   In 32 bit mode, the process size limit was hit
# Possible solutions:
#   Reduce memory load on the system
#   Increase physical memory or swap space
#   Check if swap backing store is full
#   Use 64 bit Java on a 64 bit OS
#   Decrease Java heap size (-Xmx/-Xms)
#   Decrease number of Java threads
#   Decrease Java thread stack sizes (-Xss)
#   Set larger code cache with -XX:ReservedCodeCacheSize=
# This output file may be truncated or incomplete.
#
#  Out of Memory Error (allocation.cpp:323), pid=51824, tid=8172
#
# JRE version: Java(TM) SE Runtime Environment (7.0_80-b15) (build 1.7.0_80-b15)
# Java VM: Java HotSpot(TM) 64-Bit Server VM (24.80-b11 mixed mode windows-amd64 compressed oops)
# Failed to write core dump. Minidumps are not enabled by default on client versions of Windows
#

---------------  T H R E A D  ---------------

Current thread (0x00000000087ed800):  JavaThread "C2 CompilerThread0" daemon [_thread_in_native, id=8172, stack(0x0000000009d50000,0x0000000009e50000)]

Stack: [0x0000000009d50000,0x0000000009e50000]
[error occurred during error reporting (printing stack bounds), id 0xc0000005]


[error occurred during error reporting (printing native stack), id 0xc0000005]


Current CompileTask:
C2:   3464  198             com.android.dx.ssa.SsaMethod::bitSetFromLabelList (47 bytes)


---------------  P R O C E S S  ---------------

Java Threads: ( => current thread )
  0x000000000a354800 JavaThread "pool-1-thread-4" [_thread_blocked, id=52608, stack(0x000000000a950000,0x000000000aa50000)]
  0x000000000a349800 JavaThread "pool-1-thread-3" [_thread_in_Java, id=34788, stack(0x000000000a850000,0x000000000a950000)]
  0x000000000a348800 JavaThread "pool-1-thread-2" [_thread_in_Java, id=18700, stack(0x000000000a750000,0x000000000a850000)]
  0x000000000a348000 JavaThread "pool-2-thread-1" [_thread_blocked, id=3920, stack(0x000000000a650000,0x000000000a750000)]
  0x000000000a2b7000 JavaThread "pool-1-thread-1" [_thread_in_Java, id=38768, stack(0x000000000a550000,0x000000000a650000)]
  0x0000000008800800 JavaThread "Service Thread" daemon [_thread_blocked, id=36636, stack(0x0000000009f50000,0x000000000a050000)]
  0x00000000087ef800 JavaThread "C2 CompilerThread1" daemon [_thread_in_native, id=52940, stack(0x0000000009e50000,0x0000000009f50000)]
=>0x00000000087ed800 JavaThread "C2 CompilerThread0" daemon [_thread_in_native, id=8172, stack(0x0000000009d50000,0x0000000009e50000)]
  0x00000000087ed000 JavaThread "Attach Listener" daemon [_thread_blocked, id=17688, stack(0x0000000009c50000,0x0000000009d50000)]
  0x00000000087e9800 JavaThread "Signal Dispatcher" daemon [_thread_blocked, id=29216, stack(0x0000000009b50000,0x0000000009c50000)]
  0x0000000008798800 JavaThread "Finalizer" daemon [_thread_blocked, id=52728, stack(0x0000000009a50000,0x0000000009b50000)]
  0x0000000008795000 JavaThread "Reference Handler" daemon [_thread_blocked, id=53160, stack(0x0000000009950000,0x0000000009a50000)]
  0x0000000002900800 JavaThread "main" [_thread_blocked, id=53216, stack(0x0000000002800000,0x0000000002900000)]

Other Threads:
  0x0000000008791000 VMThread [stack: 0x0000000009850000,0x0000000009950000] [id=52968]
  0x000000000880e000 WatcherThread [stack: 0x000000000a050000,0x000000000a150000] [id=52872]

VM state:not at safepoint (normal execution)

VM Mutex/Monitor currently owned by a thread: None

Heap
 PSYoungGen      total 18432K, used 4325K [0x00000000eaa80000, 0x00000000ebf00000, 0x0000000100000000)
  eden space 15872K, 11% used [0x00000000eaa80000,0x00000000eac3b4c8,0x00000000eba00000)
  from space 2560K, 99% used [0x00000000ebc80000,0x00000000ebefe2d0,0x00000000ebf00000)
  to   space 2560K, 0% used [0x00000000eba00000,0x00000000eba00000,0x00000000ebc80000)
 ParOldGen       total 41984K, used 2974K [0x00000000c0000000, 0x00000000c2900000, 0x00000000eaa80000)
  object space 41984K, 7% used [0x00000000c0000000,0x00000000c02e7840,0x00000000c2900000)
 PSPermGen       total 21504K, used 5859K [0x00000000bae00000, 0x00000000bc300000, 0x00000000c0000000)
  object space 21504K, 27% used [0x00000000bae00000,0x00000000bb3b8c68,0x00000000bc300000)

Card table byte_map: [0x0000000005a00000,0x0000000005c30000] byte_map_base: 0x0000000005429000

Polling page: 0x0000000000b00000

Code Cache  [0x0000000002a00000, 0x0000000002c70000, 0x0000000005a00000)
 total_blobs=435 nmethods=196 adapters=191 free_code_cache=48385Kb largest_free_block=49511424

Compilation events (10 events):
Event: 3.056 Thread 0x00000000087ed800 nmethod 193 0x0000000002abf2d0 code [0x0000000002abf400, 0x0000000002abf538]
Event: 3.056 Thread 0x00000000087ed800  194             com.android.dx.rop.code.RegisterSpec::withReg (23 bytes)
Event: 3.057 Thread 0x00000000087ed800 nmethod 194 0x0000000002abf050 code [0x0000000002abf1a0, 0x0000000002abf228]
Event: 3.057 Thread 0x00000000087ed800  195   !         com.android.dx.ssa.BasicRegisterMapper::map (44 bytes)
Event: 3.059 Thread 0x00000000087ed800 nmethod 195 0x0000000002abec10 code [0x0000000002abed60, 0x0000000002abee88]
Event: 3.059 Thread 0x00000000087ed800  196             com.android.dx.rop.cst.CstType::compareTo0 (25 bytes)
Event: 3.060 Thread 0x00000000087ed800 nmethod 196 0x0000000002abe7d0 code [0x0000000002abe920, 0x0000000002abeab8]
Event: 3.060 Thread 0x00000000087ed800  197             com.android.dx.util.Bits::get (25 bytes)
Event: 3.060 Thread 0x00000000087ed800 nmethod 197 0x0000000002abe550 code [0x0000000002abe680, 0x0000000002abe718]
Event: 3.060 Thread 0x00000000087ed800  198             com.android.dx.ssa.SsaMethod::bitSetFromLabelList (47 bytes)

GC Heap History (4 events):
Event: 1.806 GC heap before
{Heap before GC invocations=1 (full 0):
 PSYoungGen      total 18432K, used 15872K [0x00000000eaa80000, 0x00000000ebf00000, 0x0000000100000000)
  eden space 15872K, 100% used [0x00000000eaa80000,0x00000000eba00000,0x00000000eba00000)
  from space 2560K, 0% used [0x00000000ebc80000,0x00000000ebc80000,0x00000000ebf00000)
  to   space 2560K, 0% used [0x00000000eba00000,0x00000000eba00000,0x00000000ebc80000)
 ParOldGen       total 41984K, used 0K [0x00000000c0000000, 0x00000000c2900000, 0x00000000eaa80000)
  object space 41984K, 0% used [0x00000000c0000000,0x00000000c0000000,0x00000000c2900000)
 PSPermGen       total 21504K, used 5601K [0x00000000bae00000, 0x00000000bc300000, 0x00000000c0000000)
  object space 21504K, 26% used [0x00000000bae00000,0x00000000bb378520,0x00000000bc300000)
Event: 1.829 GC heap after
Heap after GC invocations=1 (full 0):
 PSYoungGen      total 18432K, used 2528K [0x00000000eaa80000, 0x00000000ebf00000, 0x0000000100000000)
  eden space 15872K, 0% used [0x00000000eaa80000,0x00000000eaa80000,0x00000000eba00000)
  from space 2560K, 98% used [0x00000000eba00000,0x00000000ebc782e0,0x00000000ebc80000)
  to   space 2560K, 0% used [0x00000000ebc80000,0x00000000ebc80000,0x00000000ebf00000)
 ParOldGen       total 41984K, used 1082K [0x00000000c0000000, 0x00000000c2900000, 0x00000000eaa80000)
  object space 41984K, 2% used [0x00000000c0000000,0x00000000c010e948,0x00000000c2900000)
 PSPermGen       total 21504K, used 5601K [0x00000000bae00000, 0x00000000bc300000, 0x00000000c0000000)
  object space 21504K, 26% used [0x00000000bae00000,0x00000000bb378520,0x00000000bc300000)
}
Event: 3.406 GC heap before
{Heap before GC invocations=2 (full 0):
 PSYoungGen      total 18432K, used 18400K [0x00000000eaa80000, 0x00000000ebf00000, 0x0000000100000000)
  eden space 15872K, 100% used [0x00000000eaa80000,0x00000000eba00000,0x00000000eba00000)
  from space 2560K, 98% used [0x00000000eba00000,0x00000000ebc782e0,0x00000000ebc80000)
  to   space 2560K, 0% used [0x00000000ebc80000,0x00000000ebc80000,0x00000000ebf00000)
 ParOldGen       total 41984K, used 1082K [0x00000000c0000000, 0x00000000c2900000, 0x00000000eaa80000)
  object space 41984K, 2% used [0x00000000c0000000,0x00000000c010e948,0x00000000c2900000)
 PSPermGen       total 21504K, used 5836K [0x00000000bae00000, 0x00000000bc300000, 0x00000000c0000000)
  object space 21504K, 27% used [0x00000000bae00000,0x00000000bb3b30e0,0x00000000bc300000)
Event: 3.441 GC heap after
Heap after GC invocations=2 (full 0):
 PSYoungGen      total 18432K, used 2552K [0x00000000eaa80000, 0x00000000ebf00000, 0x0000000100000000)
  eden space 15872K, 0% used [0x00000000eaa80000,0x00000000eaa80000,0x00000000eba00000)
  from space 2560K, 99% used [0x00000000ebc80000,0x00000000ebefe2d0,0x00000000ebf00000)
  to   space 2560K, 0% used [0x00000000eba00000,0x00000000eba00000,0x00000000ebc80000)
 ParOldGen       total 41984K, used 2974K [0x00000000c0000000, 0x00000000c2900000, 0x00000000eaa80000)
  object space 41984K, 7% used [0x00000000c0000000,0x00000000c02e7840,0x00000000c2900000)
 PSPermGen       total 21504K, used 5836K [0x00000000bae00000, 0x00000000bc300000, 0x00000000c0000000)
  object space 21504K, 27% used [0x00000000bae00000,0x00000000bb3b30e0,0x00000000bc300000)
}

Deoptimization events (5 events):
Event: 0.596 Thread 0x0000000002900800 Uncommon trap: reason=unstable_if action=reinterpret pc=0x0000000002a60e04 method=java.lang.String.indexOf(II)I @ 49
Event: 2.172 Thread 0x000000000a349800 Uncommon trap: reason=null_check action=make_not_entrant pc=0x0000000002a8533c method=com.android.dx.rop.code.LocalItem.equals(Ljava/lang/Object;)Z @ 1
Event: 2.235 Thread 0x000000000a349800 Uncommon trap: reason=unstable_if action=reinterpret pc=0x0000000002a8ea50 method=com.android.dx.ssa.SsaRenamer$BlockRenamer.addMapping(ILcom/android/dx/rop/code/RegisterSpec;)V @ 120
Event: 2.865 Thread 0x000000000a349800 Uncommon trap: reason=unstable_if action=reinterpret pc=0x0000000002a90878 method=com.android.dx.rop.code.RegisterSpec.equals(ILcom/android/dx/rop/type/TypeBearer;Lcom/android/dx/rop/code/LocalItem;)Z @ 42
Event: 3.037 Thread 0x000000000a349800 Uncommon trap: reason=unstable_if action=reinterpret pc=0x0000000002ac1530 method=com.android.dx.ssa.SsaRenamer$BlockRenamer.process()V @ 90

Internal exceptions (10 events):
Event: 1.678 Thread 0x000000000a348800 Threw 0x00000000eb61a0a0 at C:\re\jdk7u80\2329\hotspot\src\share\vm\prims\jvm.cpp:1319
Event: 1.679 Thread 0x000000000a348800 Threw 0x00000000eb61f908 at C:\re\jdk7u80\2329\hotspot\src\share\vm\prims\jvm.cpp:1319
Event: 1.679 Thread 0x000000000a348800 Threw 0x00000000eb624ee8 at C:\re\jdk7u80\2329\hotspot\src\share\vm\prims\jvm.cpp:1319
Event: 1.690 Thread 0x000000000a348800 Threw 0x00000000eb63e6d0 at C:\re\jdk7u80\2329\hotspot\src\share\vm\prims\jvm.cpp:1319
Event: 1.847 Thread 0x000000000a348800 Threw 0x00000000eab82720 at C:\re\jdk7u80\2329\hotspot\src\share\vm\prims\jvm.cpp:1319
Event: 1.867 Thread 0x000000000a349800 Threw 0x00000000eac3f0c8 at C:\re\jdk7u80\2329\hotspot\src\share\vm\prims\jvm.cpp:1319
Event: 2.076 Thread 0x000000000a2b7000 Threw 0x00000000eadfa030 at C:\re\jdk7u80\2329\hotspot\src\share\vm\prims\jvm.cpp:1319
Event: 2.172 Thread 0x000000000a349800 Implicit null exception at 0x0000000002a85142 to 0x0000000002a85315
Event: 2.605 Thread 0x000000000a349800 Threw 0x00000000eb263430 at C:\re\jdk7u80\2329\hotspot\src\share\vm\prims\jvm.cpp:1319
Event: 2.821 Thread 0x000000000a354800 Threw 0x00000000eb34ffb8 at C:\re\jdk7u80\2329\hotspot\src\share\vm\prims\jvm.cpp:1319

Events (10 events):
Event: 2.845 loading class 0x000000000297dff0
Event: 2.845 loading class 0x000000000297dff0 done
Event: 2.865 Thread 0x000000000a349800 Uncommon trap: trap_request=0xffffff75 fr.pc=0x0000000002a90878
Event: 2.865 Thread 0x000000000a349800 DEOPT PACKING pc=0x0000000002a90878 sp=0x000000000a94eb30
Event: 2.865 Thread 0x000000000a349800 DEOPT UNPACKING pc=0x0000000002a375a4 sp=0x000000000a94ead8 mode 2
Event: 3.037 Thread 0x000000000a349800 Uncommon trap: trap_request=0xffffff75 fr.pc=0x0000000002ac1530
Event: 3.037 Thread 0x000000000a349800 DEOPT PACKING pc=0x0000000002ac1530 sp=0x000000000a94eb90
Event: 3.037 Thread 0x000000000a349800 DEOPT UNPACKING pc=0x0000000002a375a4 sp=0x000000000a94eb78 mode 2
Event: 3.062 Executing VM operation: ParallelGCFailedAllocation
Event: 3.441 Executing VM operation: ParallelGCFailedAllocation done


Dynamic libraries:
0x00007ff723330000 - 0x00007ff723363000 	D:\Android\Android\JDK\jdk1.7.0_80\bin\java.exe
0x00007ffd19650000 - 0x00007ffd19812000 	C:\Windows\SYSTEM32\ntdll.dll
0x00007ffd178c0000 - 0x00007ffd1796d000 	C:\Windows\system32\KERNEL32.DLL
0x00007ffd16b40000 - 0x00007ffd16d1d000 	C:\Windows\system32\KERNELBASE.dll
0x00007ffd17b20000 - 0x00007ffd17bc6000 	C:\Windows\system32\ADVAPI32.dll
0x00007ffd17380000 - 0x00007ffd1741d000 	C:\Windows\system32\msvcrt.dll
0x00007ffd17570000 - 0x00007ffd175cb000 	C:\Windows\system32\sechost.dll
0x00007ffd17140000 - 0x00007ffd17266000 	C:\Windows\system32\RPCRT4.dll
0x00007ffd16d30000 - 0x00007ffd16e7e000 	C:\Windows\system32\USER32.dll
0x00007ffd17730000 - 0x00007ffd178b5000 	C:\Windows\system32\GDI32.dll
0x00007ffd11680000 - 0x00007ffd118f4000 	C:\Windows\WinSxS\amd64_microsoft.windows.common-controls_6595b64144ccf1df_6.0.10240.16384_none_f41f7b285750ef43\COMCTL32.dll
0x00007ffd191c0000 - 0x00007ffd191f6000 	C:\Windows\system32\IMM32.DLL
0x00007ffd175d0000 - 0x00007ffd1772c000 	C:\Windows\system32\MSCTF.dll
0x00007ffd15f70000 - 0x00007ffd15fa1000 	C:\Windows\system32\nvinitx.dll
0x00007ffd15f60000 - 0x00007ffd15f6a000 	C:\Windows\SYSTEM32\VERSION.dll
0x000000000f000000 - 0x000000000f006000 	C:\Program Files\NVIDIA Corporation\CoProcManager\_etoured.dll
0x00007ffd14240000 - 0x00007ffd14272000 	C:\Program Files\NVIDIA Corporation\CoProcManager\nvd3d9wrapx.dll
0x00007ffd16f70000 - 0x00007ffd17135000 	C:\Windows\system32\SETUPAPI.dll
0x00007ffd16120000 - 0x00007ffd16164000 	C:\Windows\system32\CFGMGR32.dll
0x00007ffd14200000 - 0x00007ffd14222000 	C:\Program Files\NVIDIA Corporation\CoProcManager\nvdxgiwrapx.dll
0x000000005c2c0000 - 0x000000005c392000 	D:\Android\Android\JDK\jdk1.7.0_80\jre\bin\msvcr100.dll
0x000000005c3a0000 - 0x000000005cb79000 	D:\Android\Android\JDK\jdk1.7.0_80\jre\bin\server\jvm.dll
0x00007ffd12df0000 - 0x00007ffd12df9000 	C:\Windows\SYSTEM32\WSOCK32.dll
0x00007ffd16e80000 - 0x00007ffd16e88000 	C:\Windows\system32\PSAPI.DLL
0x00007ffd19260000 - 0x00007ffd192c9000 	C:\Windows\system32\WS2_32.dll
0x00007ffd14150000 - 0x00007ffd14173000 	C:\Windows\SYSTEM32\WINMM.dll
0x00007ffd16d20000 - 0x00007ffd16d28000 	C:\Windows\system32\NSI.dll
0x00007ffd12ec0000 - 0x00007ffd12eec000 	C:\Windows\SYSTEM32\WINMMBASE.dll
0x00007ffd14900000 - 0x00007ffd14927000 	C:\Windows\SYSTEM32\DEVOBJ.dll
0x000000005c2b0000 - 0x000000005c2bf000 	D:\Android\Android\JDK\jdk1.7.0_80\jre\bin\verify.dll
0x000000005c280000 - 0x000000005c2a8000 	D:\Android\Android\JDK\jdk1.7.0_80\jre\bin\java.dll
0x000000005c260000 - 0x000000005c276000 	D:\Android\Android\JDK\jdk1.7.0_80\jre\bin\zip.dll
0x000000005c240000 - 0x000000005c25a000 	D:\Android\Android\JDK\jdk1.7.0_80\jre\bin\net.dll
0x00007ffd15950000 - 0x00007ffd159ad000 	C:\Windows\system32\mswsock.dll
0x000000005c220000 - 0x000000005c231000 	D:\Android\Android\JDK\jdk1.7.0_80\jre\bin\nio.dll

VM Arguments:
jvm_args: -Djava.awt.headless=true -Xmx1024M -Dfile.encoding=GBK -Duser.country=CN -Duser.language=zh -Duser.variant 
java_command: com.android.dx.command.Main --dex --num-threads=4 --output D:\Android\newwork\trunk\WeiboOne\app\build\intermediates\pre-dexed\debug\com.android.support-appcompat-v7-23.1.1_1fd0d7aec5a88524bd489df3ed4fbdb740046282.jar D:\Android\newwork\trunk\WeiboOne\app\build\intermediates\exploded-aar\com.android.support\appcompat-v7\23.1.1\jars\classes.jar
Launcher Type: SUN_STANDARD

Environment Variables:
JAVA_HOME=D:\Android\Android\JDK\jdk1.7.0_80
CLASSPATH= .;JAVA_HOME\lib;JAVA_HOME\lib\tools.jar
PATH=C:\Windows\system32;C:\Windows;C:\Windows\System32\Wbem;C:\Windows\System32\WindowsPowerShell\v1.0\;JAVA_HOME\bin;JAVA_HOME\jre\bin;
USERNAME=C
OS=Windows_NT
PROCESSOR_IDENTIFIER=Intel64 Family 6 Model 58 Stepping 9, GenuineIntel



---------------  S Y S T E M  ---------------

OS: Windows 8.1 , 64 bit Build 9600 

CPU:total 4 (2 cores per cpu, 2 threads per core) family 6 model 58 stepping 9, cmov, cx8, fxsr, mmx, sse, sse2, sse3, ssse3, sse4.1, sse4.2, popcnt, avx, aes, erms, ht, tsc, tscinvbit, tscinv

Memory: 4k page, physical 4028776k(42564k free), swap 9271908k(3736k free)

vm_info: Java HotSpot(TM) 64-Bit Server VM (24.80-b11) for windows-amd64 JRE (1.7.0_80-b15), built on Apr 10 2015 11:26:34 by "java_re" with unknown MS VC++:1600

time: Sun May 01 12:54:58 2016
elapsed time: 3 seconds

