#
# There is insufficient memory for the Java Runtime Environment to continue.
# Native memory allocation (malloc) failed to allocate 613936 bytes for Chunk::new
# Possible reasons:
#   The system is out of physical RAM or swap space
#   In 32 bit mode, the process size limit was hit
# Possible solutions:
#   Reduce memory load on the system
#   Increase physical memory or swap space
#   Check if swap backing store is full
#   Use 64 bit Java on a 64 bit OS
#   Decrease Java heap size (-Xmx/-Xms)
#   Decrease number of Java threads
#   Decrease Java thread stack sizes (-Xss)
#   Set larger code cache with -XX:ReservedCodeCacheSize=
# This output file may be truncated or incomplete.
#
#  Out of Memory Error (allocation.cpp:323), pid=41076, tid=52292
#
# JRE version: Java(TM) SE Runtime Environment (7.0_80-b15) (build 1.7.0_80-b15)
# Java VM: Java HotSpot(TM) 64-Bit Server VM (24.80-b11 mixed mode windows-amd64 compressed oops)
# Failed to write core dump. Minidumps are not enabled by default on client versions of Windows
#

---------------  T H R E A D  ---------------

Current thread (0x000000000838f800):  JavaThread "C2 CompilerThread1" daemon [_thread_in_native, id=52292, stack(0x00000000099e0000,0x0000000009ae0000)]

Stack: [0x00000000099e0000,0x0000000009ae0000]
[error occurred during error reporting (printing stack bounds), id 0xc0000005]


Current CompileTask:
C2:   3348  267   !         com.android.dx.cf.code.Ropper::processBlock (1101 bytes)


---------------  P R O C E S S  ---------------

Java Threads: ( => current thread )
  0x0000000009eb6000 JavaThread "pool-1-thread-4" [_thread_in_Java, id=52420, stack(0x000000000a4e0000,0x000000000a5e0000)]
  0x0000000009ebd800 JavaThread "pool-1-thread-3" [_thread_in_Java, id=51716, stack(0x000000000a3e0000,0x000000000a4e0000)]
  0x0000000009ebc800 JavaThread "pool-1-thread-2" [_thread_in_Java, id=51904, stack(0x000000000a2e0000,0x000000000a3e0000)]
  0x0000000009eb5000 JavaThread "pool-2-thread-1" [_thread_blocked, id=52028, stack(0x000000000a1e0000,0x000000000a2e0000)]
  0x0000000009e71800 JavaThread "pool-1-thread-1" [_thread_in_Java, id=53084, stack(0x000000000a0e0000,0x000000000a1e0000)]
  0x00000000083a2000 JavaThread "Service Thread" daemon [_thread_blocked, id=52248, stack(0x0000000009ae0000,0x0000000009be0000)]
=>0x000000000838f800 JavaThread "C2 CompilerThread1" daemon [_thread_in_native, id=52292, stack(0x00000000099e0000,0x0000000009ae0000)]
  0x000000000838e000 JavaThread "C2 CompilerThread0" daemon [_thread_in_native, id=33544, stack(0x00000000098e0000,0x00000000099e0000)]
  0x000000000838d000 JavaThread "Attach Listener" daemon [_thread_blocked, id=32144, stack(0x00000000097e0000,0x00000000098e0000)]
  0x0000000008389800 JavaThread "Signal Dispatcher" daemon [_thread_blocked, id=34176, stack(0x00000000096e0000,0x00000000097e0000)]
  0x0000000008338800 JavaThread "Finalizer" daemon [_thread_blocked, id=11168, stack(0x00000000095e0000,0x00000000096e0000)]
  0x0000000008335000 JavaThread "Reference Handler" daemon [_thread_blocked, id=39968, stack(0x00000000094e0000,0x00000000095e0000)]
  0x00000000024a0800 JavaThread "main" [_thread_in_Java, id=33832, stack(0x0000000001f60000,0x0000000002060000)]

Other Threads:
  0x0000000008331000 VMThread [stack: 0x00000000093e0000,0x00000000094e0000] [id=52992]
  0x00000000083ac800 WatcherThread [stack: 0x0000000009be0000,0x0000000009ce0000] [id=53052]

VM state:not at safepoint (normal execution)

VM Mutex/Monitor currently owned by a thread: None

Heap
 PSYoungGen      total 18432K, used 9919K [0x00000000eaa80000, 0x00000000ebf00000, 0x0000000100000000)
  eden space 15872K, 46% used [0x00000000eaa80000,0x00000000eb1b5e80,0x00000000eba00000)
  from space 2560K, 99% used [0x00000000ebc80000,0x00000000ebefa048,0x00000000ebf00000)
  to   space 2560K, 0% used [0x00000000eba00000,0x00000000eba00000,0x00000000ebc80000)
 ParOldGen       total 41984K, used 3289K [0x00000000c0000000, 0x00000000c2900000, 0x00000000eaa80000)
  object space 41984K, 7% used [0x00000000c0000000,0x00000000c0336488,0x00000000c2900000)
 PSPermGen       total 21504K, used 5885K [0x00000000bae00000, 0x00000000bc300000, 0x00000000c0000000)
  object space 21504K, 27% used [0x00000000bae00000,0x00000000bb3bf428,0x00000000bc300000)

Card table byte_map: [0x00000000055a0000,0x00000000057d0000] byte_map_base: 0x0000000004fc9000

Polling page: 0x00000000007e0000

Code Cache  [0x00000000025a0000, 0x0000000002810000, 0x00000000055a0000)
 total_blobs=513 nmethods=274 adapters=191 free_code_cache=48129Kb largest_free_block=49240000

Compilation events (10 events):
Event: 3.252 Thread 0x000000000838e000 nmethod 272 0x000000000268a150 code [0x000000000268a280, 0x000000000268a2f8]
Event: 3.252 Thread 0x000000000838e000  273             com.android.dx.ssa.SsaMethod$2::visitNonMoveInsn (6 bytes)
Event: 3.253 Thread 0x000000000838e000 nmethod 273 0x0000000002689f10 code [0x000000000268a060, 0x000000000268a0c8]
Event: 3.253 Thread 0x000000000838e000  274             com.android.dx.rop.cst.CstBaseMethodRef::compareTo0 (29 bytes)
Event: 3.262 Thread 0x000000000838e000 nmethod 274 0x000000000268cdd0 code [0x000000000268cf80, 0x000000000268d6d8]
Event: 3.262 Thread 0x000000000838e000  275             com.android.dx.ssa.SsaConverter::edgeSplitSuccessors (98 bytes)
Event: 3.292 Thread 0x000000000838e000 nmethod 275 0x00000000026a3c90 code [0x00000000026a3f00, 0x00000000026a4be8]
Event: 3.292 Thread 0x000000000838e000  276             com.android.dx.util.FixedSizeList::hashCode (8 bytes)
Event: 3.294 Thread 0x000000000838e000 nmethod 276 0x000000000269ee10 code [0x000000000269ef60, 0x000000000269f0d8]
Event: 3.294 Thread 0x000000000838e000  277             com.android.dx.ssa.SCCP::simulateStmt (481 bytes)

GC Heap History (4 events):
Event: 1.822 GC heap before
{Heap before GC invocations=1 (full 0):
 PSYoungGen      total 18432K, used 15872K [0x00000000eaa80000, 0x00000000ebf00000, 0x0000000100000000)
  eden space 15872K, 100% used [0x00000000eaa80000,0x00000000eba00000,0x00000000eba00000)
  from space 2560K, 0% used [0x00000000ebc80000,0x00000000ebc80000,0x00000000ebf00000)
  to   space 2560K, 0% used [0x00000000eba00000,0x00000000eba00000,0x00000000ebc80000)
 ParOldGen       total 41984K, used 0K [0x00000000c0000000, 0x00000000c2900000, 0x00000000eaa80000)
  object space 41984K, 0% used [0x00000000c0000000,0x00000000c0000000,0x00000000c2900000)
 PSPermGen       total 21504K, used 5648K [0x00000000bae00000, 0x00000000bc300000, 0x00000000c0000000)
  object space 21504K, 26% used [0x00000000bae00000,0x00000000bb384250,0x00000000bc300000)
Event: 1.916 GC heap after
Heap after GC invocations=1 (full 0):
 PSYoungGen      total 18432K, used 2530K [0x00000000eaa80000, 0x00000000ebf00000, 0x0000000100000000)
  eden space 15872K, 0% used [0x00000000eaa80000,0x00000000eaa80000,0x00000000eba00000)
  from space 2560K, 98% used [0x00000000eba00000,0x00000000ebc78ab8,0x00000000ebc80000)
  to   space 2560K, 0% used [0x00000000ebc80000,0x00000000ebc80000,0x00000000ebf00000)
 ParOldGen       total 41984K, used 1401K [0x00000000c0000000, 0x00000000c2900000, 0x00000000eaa80000)
  object space 41984K, 3% used [0x00000000c0000000,0x00000000c015e558,0x00000000c2900000)
 PSPermGen       total 21504K, used 5648K [0x00000000bae00000, 0x00000000bc300000, 0x00000000c0000000)
  object space 21504K, 26% used [0x00000000bae00000,0x00000000bb384250,0x00000000bc300000)
}
Event: 3.065 GC heap before
{Heap before GC invocations=2 (full 0):
 PSYoungGen      total 18432K, used 18402K [0x00000000eaa80000, 0x00000000ebf00000, 0x0000000100000000)
  eden space 15872K, 100% used [0x00000000eaa80000,0x00000000eba00000,0x00000000eba00000)
  from space 2560K, 98% used [0x00000000eba00000,0x00000000ebc78ab8,0x00000000ebc80000)
  to   space 2560K, 0% used [0x00000000ebc80000,0x00000000ebc80000,0x00000000ebf00000)
 ParOldGen       total 41984K, used 1401K [0x00000000c0000000, 0x00000000c2900000, 0x00000000eaa80000)
  object space 41984K, 3% used [0x00000000c0000000,0x00000000c015e558,0x00000000c2900000)
 PSPermGen       total 21504K, used 5846K [0x00000000bae00000, 0x00000000bc300000, 0x00000000c0000000)
  object space 21504K, 27% used [0x00000000bae00000,0x00000000bb3b5ac0,0x00000000bc300000)
Event: 3.071 GC heap after
Heap after GC invocations=2 (full 0):
 PSYoungGen      total 18432K, used 2536K [0x00000000eaa80000, 0x00000000ebf00000, 0x0000000100000000)
  eden space 15872K, 0% used [0x00000000eaa80000,0x00000000eaa80000,0x00000000eba00000)
  from space 2560K, 99% used [0x00000000ebc80000,0x00000000ebefa048,0x00000000ebf00000)
  to   space 2560K, 0% used [0x00000000eba00000,0x00000000eba00000,0x00000000ebc80000)
 ParOldGen       total 41984K, used 3289K [0x00000000c0000000, 0x00000000c2900000, 0x00000000eaa80000)
  object space 41984K, 7% used [0x00000000c0000000,0x00000000c0336488,0x00000000c2900000)
 PSPermGen       total 21504K, used 5846K [0x00000000bae00000, 0x00000000bc300000, 0x00000000c0000000)
  object space 21504K, 27% used [0x00000000bae00000,0x00000000bb3b5ac0,0x00000000bc300000)
}

Deoptimization events (10 events):
Event: 1.016 Thread 0x0000000009e71800 Uncommon trap: reason=unstable_if action=reinterpret pc=0x0000000002606d84 method=java.lang.String.compareTo(Ljava/lang/String;)I @ 38
Event: 1.787 Thread 0x0000000009eb6000 Uncommon trap: reason=null_check action=make_not_entrant pc=0x0000000002621334 method=com.android.dx.rop.code.LocalItem.equals(Ljava/lang/Object;)Z @ 1
Event: 1.980 Thread 0x00000000024a0800 Uncommon trap: reason=class_check action=maybe_recompile pc=0x0000000002634b30 method=com.android.dx.ssa.NormalSsaInsn.accept(Lcom/android/dx/ssa/SsaInsn$Visitor;)V @ 9
Event: 2.209 Thread 0x0000000009e71800 Uncommon trap: reason=class_check action=maybe_recompile pc=0x0000000002634b30 method=com.android.dx.ssa.NormalSsaInsn.accept(Lcom/android/dx/ssa/SsaInsn$Visitor;)V @ 9
Event: 2.209 Thread 0x0000000009e71800 Uncommon trap: reason=class_check action=maybe_recompile pc=0x000000000261ad88 method=com.android.dx.ssa.NormalSsaInsn.accept(Lcom/android/dx/ssa/SsaInsn$Visitor;)V @ 9
Event: 2.210 Thread 0x0000000009e71800 Uncommon trap: reason=class_check action=maybe_recompile pc=0x0000000002634b30 method=com.android.dx.ssa.NormalSsaInsn.accept(Lcom/android/dx/ssa/SsaInsn$Visitor;)V @ 9
Event: 2.210 Thread 0x0000000009e71800 Uncommon trap: reason=class_check action=maybe_recompile pc=0x000000000261ad88 method=com.android.dx.ssa.NormalSsaInsn.accept(Lcom/android/dx/ssa/SsaInsn$Visitor;)V @ 9
Event: 2.526 Thread 0x0000000009ebc800 Uncommon trap: reason=null_check action=make_not_entrant pc=0x00000000026652b0 method=com.android.dx.rop.code.RegisterSpec.equals(Ljava/lang/Object;)Z @ 1
Event: 2.615 Thread 0x0000000009e71800 Uncommon trap: reason=null_check action=make_not_entrant pc=0x0000000002649628 method=com.android.dx.ssa.SsaRenamer.getLocalForNewReg(I)Lcom/android/dx/rop/code/LocalItem; @ 19
Event: 2.935 Thread 0x0000000009eb6000 Uncommon trap: reason=unstable_if action=reinterpret pc=0x0000000002679214 method=com.android.dx.ssa.SCCP.simulateBranch(Lcom/android/dx/ssa/SsaInsn;)V @ 107

Internal exceptions (10 events):
Event: 1.455 Thread 0x0000000009ebc800 Threw 0x00000000eb58c890 at C:\re\jdk7u80\2329\hotspot\src\share\vm\prims\jvm.cpp:1319
Event: 1.467 Thread 0x00000000024a0800 Threw 0x00000000eb5fd000 at C:\re\jdk7u80\2329\hotspot\src\share\vm\prims\jvm.cpp:1319
Event: 1.787 Thread 0x0000000009eb6000 Implicit null exception at 0x0000000002620fdb to 0x0000000002621321
Event: 2.258 Thread 0x0000000009e71800 Threw 0x00000000eb02b2b8 at C:\re\jdk7u80\2329\hotspot\src\share\vm\prims\jvm.cpp:1319
Event: 2.526 Thread 0x0000000009ebc800 Implicit null exception at 0x000000000266440d to 0x0000000002665285
Event: 2.615 Thread 0x0000000009e71800 Implicit null exception at 0x0000000002648b20 to 0x000000000264960d
Event: 2.678 Thread 0x00000000024a0800 Threw 0x00000000eb685fa0 at C:\re\jdk7u80\2329\hotspot\src\share\vm\prims\jvm.cpp:1319
Event: 2.678 Thread 0x00000000024a0800 Threw 0x00000000eb688110 at C:\re\jdk7u80\2329\hotspot\src\share\vm\prims\jvm.cpp:1319
Event: 3.076 Thread 0x00000000024a0800 Threw 0x00000000eab09e70 at C:\re\jdk7u80\2329\hotspot\src\share\vm\prims\jvm.cpp:1319
Event: 3.077 Thread 0x00000000024a0800 Threw 0x00000000eab0c270 at C:\re\jdk7u80\2329\hotspot\src\share\vm\prims\jvm.cpp:1319

Events (10 events):
Event: 2.678 loading class 0x0000000009ddb0d0 done
Event: 2.935 Thread 0x0000000009eb6000 Uncommon trap: trap_request=0xffffff75 fr.pc=0x0000000002679214
Event: 2.935 Thread 0x0000000009eb6000 DEOPT PACKING pc=0x0000000002679214 sp=0x000000000a5dea70
Event: 2.935 Thread 0x0000000009eb6000 DEOPT UNPACKING pc=0x00000000025d75a4 sp=0x000000000a5de9e8 mode 2
Event: 2.987 Executing VM operation: ParallelGCFailedAllocation
Event: 3.071 Executing VM operation: ParallelGCFailedAllocation done
Event: 3.076 loading class 0x0000000009d582d0
Event: 3.076 loading class 0x0000000009d582d0 done
Event: 3.077 loading class 0x0000000009f2e8b0
Event: 3.077 loading class 0x0000000009f2e8b0 done


Dynamic libraries:
0x00007ff723330000 - 0x00007ff723363000 	D:\Android\Android\JDK\jdk1.7.0_80\bin\java.exe
0x00007ffd19650000 - 0x00007ffd19812000 	C:\Windows\SYSTEM32\ntdll.dll
0x00007ffd178c0000 - 0x00007ffd1796d000 	C:\Windows\system32\KERNEL32.DLL
0x00007ffd16b40000 - 0x00007ffd16d1d000 	C:\Windows\system32\KERNELBASE.dll
0x00007ffd17b20000 - 0x00007ffd17bc6000 	C:\Windows\system32\ADVAPI32.dll
0x00007ffd17380000 - 0x00007ffd1741d000 	C:\Windows\system32\msvcrt.dll
0x00007ffd17570000 - 0x00007ffd175cb000 	C:\Windows\system32\sechost.dll
0x00007ffd17140000 - 0x00007ffd17266000 	C:\Windows\system32\RPCRT4.dll
0x00007ffd16d30000 - 0x00007ffd16e7e000 	C:\Windows\system32\USER32.dll
0x00007ffd17730000 - 0x00007ffd178b5000 	C:\Windows\system32\GDI32.dll
0x00007ffd11680000 - 0x00007ffd118f4000 	C:\Windows\WinSxS\amd64_microsoft.windows.common-controls_6595b64144ccf1df_6.0.10240.16384_none_f41f7b285750ef43\COMCTL32.dll
0x00007ffd191c0000 - 0x00007ffd191f6000 	C:\Windows\system32\IMM32.DLL
0x00007ffd175d0000 - 0x00007ffd1772c000 	C:\Windows\system32\MSCTF.dll
0x00007ffd15f70000 - 0x00007ffd15fa1000 	C:\Windows\system32\nvinitx.dll
0x00007ffd15f60000 - 0x00007ffd15f6a000 	C:\Windows\SYSTEM32\VERSION.dll
0x000000000f000000 - 0x000000000f006000 	C:\Program Files\NVIDIA Corporation\CoProcManager\_etoured.dll
0x00007ffd14240000 - 0x00007ffd14272000 	C:\Program Files\NVIDIA Corporation\CoProcManager\nvd3d9wrapx.dll
0x00007ffd16f70000 - 0x00007ffd17135000 	C:\Windows\system32\SETUPAPI.dll
0x00007ffd16120000 - 0x00007ffd16164000 	C:\Windows\system32\CFGMGR32.dll
0x00007ffd14200000 - 0x00007ffd14222000 	C:\Program Files\NVIDIA Corporation\CoProcManager\nvdxgiwrapx.dll
0x000000005c2c0000 - 0x000000005c392000 	D:\Android\Android\JDK\jdk1.7.0_80\jre\bin\msvcr100.dll
0x000000005c3a0000 - 0x000000005cb79000 	D:\Android\Android\JDK\jdk1.7.0_80\jre\bin\server\jvm.dll
0x00007ffd16e80000 - 0x00007ffd16e88000 	C:\Windows\system32\PSAPI.DLL
0x00007ffd12df0000 - 0x00007ffd12df9000 	C:\Windows\SYSTEM32\WSOCK32.dll
0x00007ffd19260000 - 0x00007ffd192c9000 	C:\Windows\system32\WS2_32.dll
0x00007ffd14150000 - 0x00007ffd14173000 	C:\Windows\SYSTEM32\WINMM.dll
0x00007ffd16d20000 - 0x00007ffd16d28000 	C:\Windows\system32\NSI.dll
0x00007ffd12ec0000 - 0x00007ffd12eec000 	C:\Windows\SYSTEM32\WINMMBASE.dll
0x00007ffd14900000 - 0x00007ffd14927000 	C:\Windows\SYSTEM32\DEVOBJ.dll
0x000000005c2b0000 - 0x000000005c2bf000 	D:\Android\Android\JDK\jdk1.7.0_80\jre\bin\verify.dll
0x000000005c280000 - 0x000000005c2a8000 	D:\Android\Android\JDK\jdk1.7.0_80\jre\bin\java.dll
0x000000005c260000 - 0x000000005c276000 	D:\Android\Android\JDK\jdk1.7.0_80\jre\bin\zip.dll
0x000000005c240000 - 0x000000005c25a000 	D:\Android\Android\JDK\jdk1.7.0_80\jre\bin\net.dll
0x00007ffd15950000 - 0x00007ffd159ad000 	C:\Windows\system32\mswsock.dll
0x000000005c220000 - 0x000000005c231000 	D:\Android\Android\JDK\jdk1.7.0_80\jre\bin\nio.dll

VM Arguments:
jvm_args: -Djava.awt.headless=true -Xmx1024M -Dfile.encoding=GBK -Duser.country=CN -Duser.language=zh -Duser.variant 
java_command: com.android.dx.command.Main --dex --num-threads=4 --output D:\Android\newwork\trunk\WeiboOne\app\build\intermediates\pre-dexed\debug\weiboSDKCore_3.1.4_6d167db1416e58091356d8b0e16e682d503e61fc.jar D:\Android\newwork\trunk\WeiboOne\app\build\intermediates\exploded-aar\WeiboOne\weibosdk\unspecified\jars\libs\weiboSDKCore_3.1.4.jar
Launcher Type: SUN_STANDARD

Environment Variables:
JAVA_HOME=D:\Android\Android\JDK\jdk1.7.0_80
CLASSPATH= .;JAVA_HOME\lib;JAVA_HOME\lib\tools.jar
PATH=C:\Windows\system32;C:\Windows;C:\Windows\System32\Wbem;C:\Windows\System32\WindowsPowerShell\v1.0\;JAVA_HOME\bin;JAVA_HOME\jre\bin;
USERNAME=C
OS=Windows_NT
PROCESSOR_IDENTIFIER=Intel64 Family 6 Model 58 Stepping 9, GenuineIntel



---------------  S Y S T E M  ---------------

OS: Windows 8.1 , 64 bit Build 9600 

CPU:total 4 (2 cores per cpu, 2 threads per core) family 6 model 58 stepping 9, cmov, cx8, fxsr, mmx, sse, sse2, sse3, ssse3, sse4.1, sse4.2, popcnt, avx, aes, erms, ht, tsc, tscinvbit, tscinv

Memory: 4k page, physical 4028776k(31396k free), swap 9271908k(4616k free)

vm_info: Java HotSpot(TM) 64-Bit Server VM (24.80-b11) for windows-amd64 JRE (1.7.0_80-b15), built on Apr 10 2015 11:26:34 by "java_re" with unknown MS VC++:1600

time: Sun May 01 12:54:57 2016
elapsed time: 3 seconds

